Using pre-set license
Built from '2020.3/staging' branch; Version is '2020.3.17f1 (a4537701e4ab) revision 10769271'; Using compiler version '192528614'; Build Type 'Release'
OS: 'Windows 10 Home Single Language; OS build 19042.1348; Version 2009; 64bit' Language: 'pt' Physical Memory: 8101 MB
BatchMode: 1, IsHumanControllingUs: 0, StartBugReporterOnCrash: 0, Is64bit: 1, IsPro: 0

COMMAND LINE ARGUMENTS:
C:\Program Files\Unity\Hub\Editor\2020.3.17f1\Editor\Unity.exe
-adb2
-batchMode
-noUpm
-name
AssetImportWorker2
-projectPath
C:/Users/mathe/OneDrive/Documentos/GitHub/Infinite Run
-logFile
Logs/AssetImportWorker2.log
-srvPort
64359
Successfully changed project path to: C:/Users/mathe/OneDrive/Documentos/GitHub/Infinite Run
C:/Users/mathe/OneDrive/Documentos/GitHub/Infinite Run
Using Asset Import Pipeline V2.
Refreshing native plugins compatible for Editor in 99.98 ms, found 3 plugins.
Preloading 0 native plugins for Editor in 0.00 ms.
Initialize engine version: 2020.3.17f1 (a4537701e4ab)
[Subsystems] Discovering subsystems at path C:/Program Files/Unity/Hub/Editor/2020.3.17f1/Editor/Data/Resources/UnitySubsystems
[Subsystems] Discovering subsystems at path C:/Users/mathe/OneDrive/Documentos/GitHub/Infinite Run/Assets
GfxDevice: creating device client; threaded=0
Direct3D:
    Version:  Direct3D 11.0 [level 11.1]
    Renderer: Intel(R) UHD Graphics 620 (ID=0x5917)
    Vendor:   
    VRAM:     4050 MB
    Driver:   27.20.100.8729
Initialize mono
Mono path[0] = 'C:/Program Files/Unity/Hub/Editor/2020.3.17f1/Editor/Data/Managed'
Mono path[1] = 'C:/Program Files/Unity/Hub/Editor/2020.3.17f1/Editor/Data/MonoBleedingEdge/lib/mono/unityjit'
Mono config path = 'C:/Program Files/Unity/Hub/Editor/2020.3.17f1/Editor/Data/MonoBleedingEdge/etc'
Using monoOptions --debugger-agent=transport=dt_socket,embedding=1,server=y,suspend=n,address=127.0.0.1:56816
Begin MonoManager ReloadAssembly
Registering precompiled unity dll's ...
Register platform support module: C:/Program Files/Unity/Hub/Editor/2020.3.17f1/Editor/Data/PlaybackEngines/WindowsStandaloneSupport/UnityEditor.WindowsStandalone.Extensions.dll
Registered in 0.002644 seconds.
Native extension for WindowsStandalone target not found
Refreshing native plugins compatible for Editor in 77.17 ms, found 3 plugins.
Preloading 0 native plugins for Editor in 0.00 ms.
Mono: successfully reloaded assembly
- Completed reload, in  2.661 seconds
Domain Reload Profiling:
	ReloadAssembly (2662ms)
		BeginReloadAssembly (157ms)
			ExecutionOrderSort (0ms)
			DisableScriptedObjects (0ms)
			BackupInstance (0ms)
			ReleaseScriptingObjects (0ms)
			CreateAndSetChildDomain (1ms)
		EndReloadAssembly (1183ms)
			LoadAssemblies (152ms)
			RebuildTransferFunctionScriptingTraits (0ms)
			SetupTypeCache (513ms)
			ReleaseScriptCaches (0ms)
			RebuildScriptCaches (41ms)
			SetupLoadedEditorAssemblies (244ms)
				LogAssemblyErrors (0ms)
				InitializePlatformSupportModulesInManaged (5ms)
				SetLoadedEditorAssemblies (1ms)
				RefreshPlugins (77ms)
				BeforeProcessingInitializeOnLoad (16ms)
				ProcessInitializeOnLoadAttributes (109ms)
				ProcessInitializeOnLoadMethodAttributes (35ms)
				AfterProcessingInitializeOnLoad (0ms)
				EditorAssembliesLoaded (0ms)
			ExecutionOrderSort2 (0ms)
			AwakeInstancesAfterBackupRestoration (0ms)
Platform modules already initialized, skipping
Registering precompiled user dll's ...
Registered in 0.118155 seconds.
Begin MonoManager ReloadAssembly
Native extension for WindowsStandalone target not found
Refreshing native plugins compatible for Editor in 67.23 ms, found 3 plugins.
Preloading 0 native plugins for Editor in 0.00 ms.
Mono: successfully reloaded assembly
- Completed reload, in  1.595 seconds
Domain Reload Profiling:
	ReloadAssembly (1596ms)
		BeginReloadAssembly (180ms)
			ExecutionOrderSort (0ms)
			DisableScriptedObjects (6ms)
			BackupInstance (0ms)
			ReleaseScriptingObjects (0ms)
			CreateAndSetChildDomain (22ms)
		EndReloadAssembly (1329ms)
			LoadAssemblies (104ms)
			RebuildTransferFunctionScriptingTraits (0ms)
			SetupTypeCache (356ms)
			ReleaseScriptCaches (0ms)
			RebuildScriptCaches (68ms)
			SetupLoadedEditorAssemblies (649ms)
				LogAssemblyErrors (0ms)
				InitializePlatformSupportModulesInManaged (4ms)
				SetLoadedEditorAssemblies (0ms)
				RefreshPlugins (67ms)
				BeforeProcessingInitializeOnLoad (97ms)
				ProcessInitializeOnLoadAttributes (458ms)
				ProcessInitializeOnLoadMethodAttributes (14ms)
				AfterProcessingInitializeOnLoad (7ms)
				EditorAssembliesLoaded (0ms)
			ExecutionOrderSort2 (0ms)
			AwakeInstancesAfterBackupRestoration (7ms)
Platform modules already initialized, skipping
========================================================================
Worker process is ready to serve import requests
Launched and connected shader compiler UnityShaderCompiler.exe after 0.50 seconds
Refreshing native plugins compatible for Editor in 0.66 ms, found 3 plugins.
Preloading 0 native plugins for Editor in 0.00 ms.
Unloading 1986 Unused Serialized files (Serialized files now loaded: 0)
System memory in use before: 92.7 MB.
System memory in use after: 92.7 MB.

Unloading 32 unused Assets to reduce memory usage. Loaded Objects now: 2430.
Total: 4.319900 ms (FindLiveObjects: 0.203000 ms CreateObjectMapping: 0.071300 ms MarkObjects: 3.896600 ms  DeleteObjects: 0.147700 ms)

AssetImportParameters requested are different than current active one (requested -> active):
  custom:framework-win-MediaFoundation: 216162199b28c13a410421893ffa2e32 -> 
  custom:video-decoder-ogg-theora: a1e56fd34408186e4bbccfd4996cb3dc -> 
  custom:container-muxer-webm: aa71ff27fc2769a1b78a27578f13a17b -> 
  custom:container-demuxer-webm: 4f35f7cbe854078d1ac9338744f61a02 -> 
  custom:container-demuxer-ogg: 62fdf1f143b41e24485cea50d1cbac27 -> 
  custom:video-encoder-webm-vp8: eb34c28f22e8b96e1ab97ce403110664 -> 
  custom:video-codec-MediaFoundation-h265: 746d11721c4dcdbdad8f713fa42b33f4 -> 
  custom:video-decoder-webm-vp8: 9c59270c3fd7afecdb556c50c9e8de78 -> 
  custom:audio-decoder-ogg-vorbis: bf7c407c2cedff20999df2af8eb42d56 -> 
  custom:audio-encoder-webm-vorbis: bf7c407c2cedff20999df2af8eb42d56 -> 
========================================================================
Received Import Request.
  path: Assets/SkySerie Freebie/6SidedFluffball.mat
  artifactKey: Guid(efd1c33efd2d58340b88804268e6833f) Importer(815301076,1909f56bfc062723c751e8b465ee728b)
Start importing Assets/SkySerie Freebie/6SidedFluffball.mat using Guid(efd1c33efd2d58340b88804268e6833f) Importer(815301076,1909f56bfc062723c751e8b465ee728b)  -> (artifact id: 'dda488263185dd1534edc89c65de1eed') in 18.052126 seconds 
  Import took 18.057029 seconds .

========================================================================
Received Import Request.
  Time since last request: 0.000321 seconds.
  path: Assets/SkySerie Freebie/6SidedMegaSun.mat
  artifactKey: Guid(c52c5d7968fa6c9499b0b5752f899bfb) Importer(815301076,1909f56bfc062723c751e8b465ee728b)
Start importing Assets/SkySerie Freebie/6SidedMegaSun.mat using Guid(c52c5d7968fa6c9499b0b5752f899bfb) Importer(815301076,1909f56bfc062723c751e8b465ee728b)  -> (artifact id: 'c2ffe2366fec74b30b61f40fe8c613ff') in 0.617673 seconds 
  Import took 0.621609 seconds .

========================================================================
Received Import Request.
  Time since last request: 0.000286 seconds.
  path: Assets/SkySerie Freebie/ExampleScenes/SceneObjects/4_10.mat
  artifactKey: Guid(db3bceb128d32144ca6fd4550ac256bc) Importer(815301076,1909f56bfc062723c751e8b465ee728b)
Start importing Assets/SkySerie Freebie/ExampleScenes/SceneObjects/4_10.mat using Guid(db3bceb128d32144ca6fd4550ac256bc) Importer(815301076,1909f56bfc062723c751e8b465ee728b)  -> (artifact id: 'e3dc3e7596b1e7d0e5407e6bd08f692f') in 1.367787 seconds 
  Import took 1.372249 seconds .

========================================================================
Received Import Request.
  Time since last request: 0.000432 seconds.
  path: Assets/SkySerie Freebie/ExampleScenes/SceneObjects/8_10.mat
  artifactKey: Guid(964f6a34e2240bf45940918b112ce7be) Importer(815301076,1909f56bfc062723c751e8b465ee728b)
Start importing Assets/SkySerie Freebie/ExampleScenes/SceneObjects/8_10.mat using Guid(964f6a34e2240bf45940918b112ce7be) Importer(815301076,1909f56bfc062723c751e8b465ee728b)  -> (artifact id: 'ff7d36cd030ba3d56359053679386b74') in 0.049347 seconds 
  Import took 0.054325 seconds .

========================================================================
Received Import Request.
  Time since last request: 0.000374 seconds.
  path: Assets/SkySerie Freebie/ExampleScenes/SceneObjects/6_10.mat
  artifactKey: Guid(abcc3c67b7d0a794f8bb91be4e85abdd) Importer(815301076,1909f56bfc062723c751e8b465ee728b)
Start importing Assets/SkySerie Freebie/ExampleScenes/SceneObjects/6_10.mat using Guid(abcc3c67b7d0a794f8bb91be4e85abdd) Importer(815301076,1909f56bfc062723c751e8b465ee728b)  -> (artifact id: '0d2b451df62ee18f3a25b2be0b3835fe') in 0.053910 seconds 
  Import took 0.057754 seconds .

========================================================================
Received Import Request.
  Time since last request: 0.000257 seconds.
  path: Assets/SkySerie Freebie/ExampleScenes/SceneObjects/2_10.mat
  artifactKey: Guid(eb10b6f571322b443bec8c532c088270) Importer(815301076,1909f56bfc062723c751e8b465ee728b)
Start importing Assets/SkySerie Freebie/ExampleScenes/SceneObjects/2_10.mat using Guid(eb10b6f571322b443bec8c532c088270) Importer(815301076,1909f56bfc062723c751e8b465ee728b)  -> (artifact id: 'a8fc4155bd891dae7c1e224ebfe7a6ca') in 0.142853 seconds 
  Import took 0.147014 seconds .

========================================================================
Received Import Request.
  Time since last request: 32.351601 seconds.
  path: Assets/SlimUI/Modern Menu 1/Graphics/Icons/arrow_512x512.png
  artifactKey: Guid(603eabcd71ec55e41be090a50f8b646e) Importer(815301076,1909f56bfc062723c751e8b465ee728b)
Start importing Assets/SlimUI/Modern Menu 1/Graphics/Icons/arrow_512x512.png using Guid(603eabcd71ec55e41be090a50f8b646e) Importer(815301076,1909f56bfc062723c751e8b465ee728b)  -> (artifact id: '92c856d8ad24d1e3a9431dd062366e7d') in 0.570716 seconds 
  Import took 0.575464 seconds .

========================================================================
Received Import Request.
  Time since last request: 0.000368 seconds.
  path: Assets/White Black GUI/White Icons/arrow_down2.png
  artifactKey: Guid(468901a4c518ad5469c42fe403ca50b7) Importer(815301076,1909f56bfc062723c751e8b465ee728b)
Start importing Assets/White Black GUI/White Icons/arrow_down2.png using Guid(468901a4c518ad5469c42fe403ca50b7) Importer(815301076,1909f56bfc062723c751e8b465ee728b)  -> (artifact id: '217a63ebd6fbefab77560f7d63edccd4') in 0.079013 seconds 
  Import took 0.084346 seconds .

========================================================================
Received Import Request.
  Time since last request: 0.000431 seconds.
  path: Assets/White Black GUI/White Icons/arrow_down.png
  artifactKey: Guid(ff7769a14dece8a4f8a7321bfbbd9ae4) Importer(815301076,1909f56bfc062723c751e8b465ee728b)
Start importing Assets/White Black GUI/White Icons/arrow_down.png using Guid(ff7769a14dece8a4f8a7321bfbbd9ae4) Importer(815301076,1909f56bfc062723c751e8b465ee728b)  -> (artifact id: 'cfb2df871b505960bd216dcb494ca276') in 0.060083 seconds 
  Import took 0.065422 seconds .

========================================================================
Received Import Request.
  Time since last request: 0.001012 seconds.
  path: Assets/White Black GUI/White Icons/arrow_down.png
  artifactKey: Guid(ff7769a14dece8a4f8a7321bfbbd9ae4) Importer(815301076,1909f56bfc062723c751e8b465ee728b)
Start importing Assets/White Black GUI/White Icons/arrow_down.png using Guid(ff7769a14dece8a4f8a7321bfbbd9ae4) Importer(815301076,1909f56bfc062723c751e8b465ee728b)  -> (artifact id: 'cfb2df871b505960bd216dcb494ca276') in 0.016610 seconds 
  Import took 0.023055 seconds .

========================================================================
Received Import Request.
  Time since last request: 1.559449 seconds.
  path: Assets/White Black GUI/White Icons/arrow_left.png
  artifactKey: Guid(18a96445fd0cb354094b0a105d64c141) Importer(815301076,1909f56bfc062723c751e8b465ee728b)
Start importing Assets/White Black GUI/White Icons/arrow_left.png using Guid(18a96445fd0cb354094b0a105d64c141) Importer(815301076,1909f56bfc062723c751e8b465ee728b)  -> (artifact id: '9808662bd5da629b5818b2c83ab03329') in 0.139880 seconds 
  Import took 0.144946 seconds .

========================================================================
Received Import Request.
  Time since last request: 0.000467 seconds.
  path: Assets/White Black GUI/White Icons/arrow_left2.png
  artifactKey: Guid(fdd2af234ef7cd34a969cbd857e16311) Importer(815301076,1909f56bfc062723c751e8b465ee728b)
Start importing Assets/White Black GUI/White Icons/arrow_left2.png using Guid(fdd2af234ef7cd34a969cbd857e16311) Importer(815301076,1909f56bfc062723c751e8b465ee728b)  -> (artifact id: 'addb7fc39263f2ed7d01540531349446') in 0.088883 seconds 
  Import took 0.097533 seconds .

========================================================================
Received Import Request.
  Time since last request: 0.248179 seconds.
  path: Assets/White Black GUI/White Icons/arrow_right.png
  artifactKey: Guid(0f7357205e7f64147bcf1eb1f6724b7d) Importer(815301076,1909f56bfc062723c751e8b465ee728b)
Start importing Assets/White Black GUI/White Icons/arrow_right.png using Guid(0f7357205e7f64147bcf1eb1f6724b7d) Importer(815301076,1909f56bfc062723c751e8b465ee728b)  -> (artifact id: '7c0aef5c6baef1e1f12abfaa04f42393') in 0.064745 seconds 
  Import took 0.069812 seconds .

========================================================================
Received Import Request.
  Time since last request: 0.000256 seconds.
  path: Assets/White Black GUI/White Icons/arrow_up.png
  artifactKey: Guid(75bb4810c182f4d498da1cbb58794023) Importer(815301076,1909f56bfc062723c751e8b465ee728b)
Start importing Assets/White Black GUI/White Icons/arrow_up.png using Guid(75bb4810c182f4d498da1cbb58794023) Importer(815301076,1909f56bfc062723c751e8b465ee728b)  -> (artifact id: '3e565258ac52661e370fc206f8986fcc') in 0.087499 seconds 
  Import took 0.092426 seconds .

========================================================================
Received Import Request.
  Time since last request: 0.000346 seconds.
  path: Assets/White Black GUI/White Icons/arrow_right2.png
  artifactKey: Guid(3c390a47d26495b48bd149f6e75d3f4e) Importer(815301076,1909f56bfc062723c751e8b465ee728b)
Start importing Assets/White Black GUI/White Icons/arrow_right2.png using Guid(3c390a47d26495b48bd149f6e75d3f4e) Importer(815301076,1909f56bfc062723c751e8b465ee728b)  -> (artifact id: 'd25edfbfa9e944dcce649b36c9457f4d') in 0.038962 seconds 
  Import took 0.044024 seconds .

========================================================================
Received Import Request.
  Time since last request: 0.120366 seconds.
  path: Assets/White Black GUI/White Icons/arrow_up2.png
  artifactKey: Guid(82202f2ab95fdcb41a13e37f096747d7) Importer(815301076,1909f56bfc062723c751e8b465ee728b)
Start importing Assets/White Black GUI/White Icons/arrow_up2.png using Guid(82202f2ab95fdcb41a13e37f096747d7) Importer(815301076,1909f56bfc062723c751e8b465ee728b)  -> (artifact id: '187710d6fd6d1bc1a916bc8b21b50bd5') in 0.113621 seconds 
  Import took 0.117741 seconds .

========================================================================
Received Import Request.
  Time since last request: 3.833633 seconds.
  path: Assets/SlimUI/Modern Menu 1/Graphics/Button Frame WIDE.png
  artifactKey: Guid(184d8ffefa3b21e4194382772ae8b146) Importer(815301076,1909f56bfc062723c751e8b465ee728b)
Start importing Assets/SlimUI/Modern Menu 1/Graphics/Button Frame WIDE.png using Guid(184d8ffefa3b21e4194382772ae8b146) Importer(815301076,1909f56bfc062723c751e8b465ee728b)  -> (artifact id: '6e90408254b984bd758ba261db8ecfa9') in 0.125087 seconds 
  Import took 0.129001 seconds .

========================================================================
Received Import Request.
  Time since last request: 1.227506 seconds.
  path: Assets/SlimUI/Modern Menu 1/Graphics/Button Frame WIDE Design 2.png
  artifactKey: Guid(34c33e33d6e30964a917a19b8c187538) Importer(815301076,1909f56bfc062723c751e8b465ee728b)
Start importing Assets/SlimUI/Modern Menu 1/Graphics/Button Frame WIDE Design 2.png using Guid(34c33e33d6e30964a917a19b8c187538) Importer(815301076,1909f56bfc062723c751e8b465ee728b)  -> (artifact id: '2d84b3bc668d2d2d5c7f21d472b17d11') in 0.093550 seconds 
  Import took 0.098063 seconds .

========================================================================
Received Import Request.
  Time since last request: 0.000278 seconds.
  path: Assets/SlimUI/Modern Menu 1/Graphics/New/Button_Frame_Hover_Mono.png
  artifactKey: Guid(a4fde6e0b21dc224d813ee493157874f) Importer(815301076,1909f56bfc062723c751e8b465ee728b)
Start importing Assets/SlimUI/Modern Menu 1/Graphics/New/Button_Frame_Hover_Mono.png using Guid(a4fde6e0b21dc224d813ee493157874f) Importer(815301076,1909f56bfc062723c751e8b465ee728b)  -> (artifact id: '2eacb6bdae80533888b97f6abdfb26c2') in 0.071405 seconds 
  Import took 0.076145 seconds .

========================================================================
Received Import Request.
  Time since last request: 1.033091 seconds.
  path: Assets/SlimUI/Modern Menu 1/Graphics/New/Button_Frame_Mono.png
  artifactKey: Guid(a8292d7c3170a7348accf3d85c0e7359) Importer(815301076,1909f56bfc062723c751e8b465ee728b)
Start importing Assets/SlimUI/Modern Menu 1/Graphics/New/Button_Frame_Mono.png using Guid(a8292d7c3170a7348accf3d85c0e7359) Importer(815301076,1909f56bfc062723c751e8b465ee728b)  -> (artifact id: 'fb7e8b07fc34a123afd5f48c5e1c0f2c') in 0.091830 seconds 
  Import took 0.095892 seconds .

========================================================================
Received Import Request.
  Time since last request: 0.000370 seconds.
  path: Assets/SlimUI/Modern Menu 1/Graphics/New/Button_Frame_Press_Mono.png
  artifactKey: Guid(e5a390d359542f845bd18b3970c5eff3) Importer(815301076,1909f56bfc062723c751e8b465ee728b)
Start importing Assets/SlimUI/Modern Menu 1/Graphics/New/Button_Frame_Press_Mono.png using Guid(e5a390d359542f845bd18b3970c5eff3) Importer(815301076,1909f56bfc062723c751e8b465ee728b)  -> (artifact id: '1e1ba0e5807a4f0d6f80064e27b096fa') in 0.081501 seconds 
  Import took 0.085547 seconds .

========================================================================
Received Import Request.
  Time since last request: 0.000346 seconds.
  path: Assets/SlimUI/Modern Menu 1/Graphics/New/Button_Frame_Mono.png
  artifactKey: Guid(a8292d7c3170a7348accf3d85c0e7359) Importer(815301076,1909f56bfc062723c751e8b465ee728b)
Start importing Assets/SlimUI/Modern Menu 1/Graphics/New/Button_Frame_Mono.png using Guid(a8292d7c3170a7348accf3d85c0e7359) Importer(815301076,1909f56bfc062723c751e8b465ee728b)  -> (artifact id: 'fb7e8b07fc34a123afd5f48c5e1c0f2c') in 0.014474 seconds 
  Import took 0.018976 seconds .

========================================================================
Received Import Request.
  Time since last request: 3.611928 seconds.
  path: Assets/SlimUI/Modern Menu 1/Graphics/ButtonHighlighted.png
  artifactKey: Guid(05ef55e5084e1f04fbbefcb2f40b5efd) Importer(815301076,1909f56bfc062723c751e8b465ee728b)
Start importing Assets/SlimUI/Modern Menu 1/Graphics/ButtonHighlighted.png using Guid(05ef55e5084e1f04fbbefcb2f40b5efd) Importer(815301076,1909f56bfc062723c751e8b465ee728b)  -> (artifact id: 'e430c301b5c9f6b93db8771b2ef8515c') in 0.078003 seconds 
  Import took 0.083069 seconds .

========================================================================
Received Import Request.
  Time since last request: 0.039006 seconds.
  path: Assets/SlimUI/Modern Menu 1/Graphics/New/ButtonHighlighted_Mono.png
  artifactKey: Guid(9e2ea1cb70ae8cf41a3db001d7b7cebb) Importer(815301076,1909f56bfc062723c751e8b465ee728b)
Start importing Assets/SlimUI/Modern Menu 1/Graphics/New/ButtonHighlighted_Mono.png using Guid(9e2ea1cb70ae8cf41a3db001d7b7cebb) Importer(815301076,1909f56bfc062723c751e8b465ee728b)  -> (artifact id: 'b4d4c1df01ce09e5e7aba918662e6212') in 0.064956 seconds 
  Import took 0.069022 seconds .

========================================================================
Received Import Request.
  Time since last request: 16.873264 seconds.
  path: Assets/SlimUI/Modern Menu 1/Graphics/Icons/return_512x512.png
  artifactKey: Guid(bd24f49365315ce4ab078b0114790639) Importer(815301076,1909f56bfc062723c751e8b465ee728b)
Start importing Assets/SlimUI/Modern Menu 1/Graphics/Icons/return_512x512.png using Guid(bd24f49365315ce4ab078b0114790639) Importer(815301076,1909f56bfc062723c751e8b465ee728b)  -> (artifact id: '0073ad0b0ce243e2d8ce43e076c22294') in 0.061520 seconds 
  Import took 0.066331 seconds .

========================================================================
Received Import Request.
  Time since last request: 0.968584 seconds.
  path: Assets/Dark UI/Free/Right Arrow.png
  artifactKey: Guid(7cf2f46063edb3445a4b32cbd687b51c) Importer(815301076,1909f56bfc062723c751e8b465ee728b)
Start importing Assets/Dark UI/Free/Right Arrow.png using Guid(7cf2f46063edb3445a4b32cbd687b51c) Importer(815301076,1909f56bfc062723c751e8b465ee728b)  -> (artifact id: '1c9b247d40a3c69c3d7cacf1fbbe7282') in 0.096389 seconds 
  Import took 0.100512 seconds .

========================================================================
Received Import Request.
  Time since last request: 0.000296 seconds.
  path: Assets/Dark UI/Free/Right BTN.png
  artifactKey: Guid(9dbc314d5e9a24d459a014d90696eb18) Importer(815301076,1909f56bfc062723c751e8b465ee728b)
Start importing Assets/Dark UI/Free/Right BTN.png using Guid(9dbc314d5e9a24d459a014d90696eb18) Importer(815301076,1909f56bfc062723c751e8b465ee728b)  -> (artifact id: 'd0397d6bc9e14f66ae8d93861ccd8b5d') in 0.083941 seconds 
  Import took 0.088722 seconds .

========================================================================
Received Import Request.
  Time since last request: 15.749768 seconds.
  path: Assets/SlimUI/Modern Menu 1/Graphics/Images/CCP.jpg
  artifactKey: Guid(4b0cde4329362a245865aadf4fe1e112) Importer(815301076,1909f56bfc062723c751e8b465ee728b)
Start importing Assets/SlimUI/Modern Menu 1/Graphics/Images/CCP.jpg using Guid(4b0cde4329362a245865aadf4fe1e112) Importer(815301076,1909f56bfc062723c751e8b465ee728b)  -> (artifact id: '6fffd5151c27456ee9e9a9fd270ad30e') in 0.066626 seconds 
  Import took 0.070809 seconds .

========================================================================
Received Import Request.
  Time since last request: 1.457586 seconds.
  path: Assets/Dark UI/Free/CIRCLE4PXLAR.png
  artifactKey: Guid(1d02c027313a6514a849aa45aed65be6) Importer(815301076,1909f56bfc062723c751e8b465ee728b)
Start importing Assets/Dark UI/Free/CIRCLE4PXLAR.png using Guid(1d02c027313a6514a849aa45aed65be6) Importer(815301076,1909f56bfc062723c751e8b465ee728b)  -> (artifact id: '04efd31c9f607e82adebd2f02549e1ab') in 0.153064 seconds 
  Import took 0.160058 seconds .

========================================================================
Received Import Request.
  Time since last request: 0.000286 seconds.
  path: Assets/Dark UI/Free/CIRCLE4PXMED.png
  artifactKey: Guid(ec6eebcb88fa2314796ef9605c6a43e7) Importer(815301076,1909f56bfc062723c751e8b465ee728b)
Start importing Assets/Dark UI/Free/CIRCLE4PXMED.png using Guid(ec6eebcb88fa2314796ef9605c6a43e7) Importer(815301076,1909f56bfc062723c751e8b465ee728b)  -> (artifact id: 'd3b2fb36648a691998878352097e5ffa') in 0.078165 seconds 
  Import took 0.083309 seconds .

========================================================================
Received Import Request.
  Time since last request: 0.740875 seconds.
  path: Assets/Dark UI/Free/CIRCLE4PXSMA.png
  artifactKey: Guid(572955b2fc805584aaa343215e806606) Importer(815301076,1909f56bfc062723c751e8b465ee728b)
Start importing Assets/Dark UI/Free/CIRCLE4PXSMA.png using Guid(572955b2fc805584aaa343215e806606) Importer(815301076,1909f56bfc062723c751e8b465ee728b)  -> (artifact id: 'bbc0c3cb8ca298cd2b61a392835b9c80') in 0.144060 seconds 
  Import took 0.149077 seconds .

========================================================================
Received Import Request.
  Time since last request: 0.000347 seconds.
  path: Assets/Dark UI/Free/Close BTN.png
  artifactKey: Guid(a11d716ada219fe4683e6147d610043e) Importer(815301076,1909f56bfc062723c751e8b465ee728b)
Start importing Assets/Dark UI/Free/Close BTN.png using Guid(a11d716ada219fe4683e6147d610043e) Importer(815301076,1909f56bfc062723c751e8b465ee728b)  -> (artifact id: 'bd0c4e4373de7ec49cdbcecd60dd64c7') in 0.117968 seconds 
  Import took 0.122175 seconds .

========================================================================
Received Import Request.
  Time since last request: 0.000382 seconds.
  path: Assets/SlimUI/Modern Menu 1/Graphics/Images/Clean2.jpg
  artifactKey: Guid(771e81a59a8f4cd409ea21032b082aaa) Importer(815301076,1909f56bfc062723c751e8b465ee728b)
Start importing Assets/SlimUI/Modern Menu 1/Graphics/Images/Clean2.jpg using Guid(771e81a59a8f4cd409ea21032b082aaa) Importer(815301076,1909f56bfc062723c751e8b465ee728b)  -> (artifact id: '3e05bba6c6c82d724296a8f6afa47832') in 0.046626 seconds 
  Import took 0.050541 seconds .

========================================================================
Received Import Request.
  Time since last request: 0.000369 seconds.
  path: Assets/SlimUI/Modern Menu 1/Graphics/Images/Clean.jpg
  artifactKey: Guid(cbca23d780214e847a8749288f5d510c) Importer(815301076,1909f56bfc062723c751e8b465ee728b)
Start importing Assets/SlimUI/Modern Menu 1/Graphics/Images/Clean.jpg using Guid(cbca23d780214e847a8749288f5d510c) Importer(815301076,1909f56bfc062723c751e8b465ee728b)  -> (artifact id: '0d9145252d27cea7e473aa4a363b1fbe') in 0.059947 seconds 
  Import took 0.065024 seconds .

========================================================================
Received Import Request.
  Time since last request: 1.042632 seconds.
  path: Assets/Dark UI/Free/Coin.png
  artifactKey: Guid(2e43f0691f0d7404eae8d01381da65a0) Importer(815301076,1909f56bfc062723c751e8b465ee728b)
Start importing Assets/Dark UI/Free/Coin.png using Guid(2e43f0691f0d7404eae8d01381da65a0) Importer(815301076,1909f56bfc062723c751e8b465ee728b)  -> (artifact id: 'c4de63e44b94f423da0d5a8c78440385') in 0.108679 seconds 
  Import took 0.113413 seconds .

========================================================================
Received Import Request.
  Time since last request: 0.000238 seconds.
  path: Assets/SlimUI/Modern Menu 1/Graphics/CornerDetail.png
  artifactKey: Guid(05599dfceeaaf544ab51fa1ee8ee6a23) Importer(815301076,1909f56bfc062723c751e8b465ee728b)
Start importing Assets/SlimUI/Modern Menu 1/Graphics/CornerDetail.png using Guid(05599dfceeaaf544ab51fa1ee8ee6a23) Importer(815301076,1909f56bfc062723c751e8b465ee728b)  -> (artifact id: 'e95fc02ebac2901ce50c9357db71708c') in 0.099558 seconds 
  Import took 0.104222 seconds .

========================================================================
Received Import Request.
  Time since last request: 0.439252 seconds.
  path: Assets/SlimUI/Modern Menu 1/Graphics/New/CornerDetail_Mono.png
  artifactKey: Guid(2f7ad163b654bf74085060307e13db4a) Importer(815301076,1909f56bfc062723c751e8b465ee728b)
Start importing Assets/SlimUI/Modern Menu 1/Graphics/New/CornerDetail_Mono.png using Guid(2f7ad163b654bf74085060307e13db4a) Importer(815301076,1909f56bfc062723c751e8b465ee728b)  -> (artifact id: 'b919474a301822583e6a5dfdaab44c68') in 0.054970 seconds 
  Import took 0.059297 seconds .

========================================================================
Received Import Request.
  Time since last request: 0.000336 seconds.
  path: Assets/Dark UI/Free/D.png
  artifactKey: Guid(bfdc84f127b8607479e3fe35cd51157a) Importer(815301076,1909f56bfc062723c751e8b465ee728b)
Start importing Assets/Dark UI/Free/D.png using Guid(bfdc84f127b8607479e3fe35cd51157a) Importer(815301076,1909f56bfc062723c751e8b465ee728b)  -> (artifact id: '6c85419fd45280fd0b2102b00d0be515') in 0.098605 seconds 
  Import took 0.103810 seconds .

========================================================================
Received Import Request.
  Time since last request: 0.000304 seconds.
  path: Assets/SlimUI/Modern Menu 1/Graphics/New/CornerDetail_Mono.png
  artifactKey: Guid(2f7ad163b654bf74085060307e13db4a) Importer(815301076,1909f56bfc062723c751e8b465ee728b)
Start importing Assets/SlimUI/Modern Menu 1/Graphics/New/CornerDetail_Mono.png using Guid(2f7ad163b654bf74085060307e13db4a) Importer(815301076,1909f56bfc062723c751e8b465ee728b)  -> (artifact id: 'b919474a301822583e6a5dfdaab44c68') in 0.014809 seconds 
  Import took 0.020205 seconds .

========================================================================
Received Import Request.
  Time since last request: 0.000261 seconds.
  path: Assets/White Black GUI/Black Icons/darkArrow_down.png
  artifactKey: Guid(77f0dee2e0d3498428087e4c8ed1ccab) Importer(815301076,1909f56bfc062723c751e8b465ee728b)
Start importing Assets/White Black GUI/Black Icons/darkArrow_down.png using Guid(77f0dee2e0d3498428087e4c8ed1ccab) Importer(815301076,1909f56bfc062723c751e8b465ee728b)  -> (artifact id: '0b163e07d1f3b1d89a399b7bed4efdd3') in 0.083275 seconds 
  Import took 0.096107 seconds .

========================================================================
Received Import Request.
  Time since last request: 10.846853 seconds.
  path: Assets/SlimUI/Modern Menu 1/Graphics/New/LineDetail_Mono.png
  artifactKey: Guid(05f659001c09bec428a6bf8899b37df6) Importer(815301076,1909f56bfc062723c751e8b465ee728b)
Start importing Assets/SlimUI/Modern Menu 1/Graphics/New/LineDetail_Mono.png using Guid(05f659001c09bec428a6bf8899b37df6) Importer(815301076,1909f56bfc062723c751e8b465ee728b)  -> (artifact id: '4079608435c91de6f0d1db5dcffa56b2') in 0.033281 seconds 
  Import took 0.038919 seconds .

========================================================================
Received Import Request.
  Time since last request: 0.000300 seconds.
  path: Assets/SlimUI/Modern Menu 1/Graphics/New/LineDetailAlt1_Mono.png
  artifactKey: Guid(fc4228f9270498248a1d3298777bf5da) Importer(815301076,1909f56bfc062723c751e8b465ee728b)
Start importing Assets/SlimUI/Modern Menu 1/Graphics/New/LineDetailAlt1_Mono.png using Guid(fc4228f9270498248a1d3298777bf5da) Importer(815301076,1909f56bfc062723c751e8b465ee728b)  -> (artifact id: '56010b38fd8d112184271726bfe12b1e') in 0.067225 seconds 
  Import took 0.071571 seconds .

========================================================================
Received Import Request.
  Time since last request: 0.000321 seconds.
  path: Assets/SlimUI/Modern Menu 1/Graphics/New/Panel_Frame_Mono.png
  artifactKey: Guid(77d3c62c476ec1b4a8057b7591ff68d1) Importer(815301076,1909f56bfc062723c751e8b465ee728b)
Start importing Assets/SlimUI/Modern Menu 1/Graphics/New/Panel_Frame_Mono.png using Guid(77d3c62c476ec1b4a8057b7591ff68d1) Importer(815301076,1909f56bfc062723c751e8b465ee728b)  -> (artifact id: '2703297b48e0c63f0653e432ac130690') in 0.202131 seconds 
  Import took 0.207625 seconds .

========================================================================
Received Import Request.
  Time since last request: 0.000360 seconds.
  path: Assets/SlimUI/Modern Menu 1/Graphics/New/LineDetailAlt1_Mono.png
  artifactKey: Guid(fc4228f9270498248a1d3298777bf5da) Importer(815301076,1909f56bfc062723c751e8b465ee728b)
Start importing Assets/SlimUI/Modern Menu 1/Graphics/New/LineDetailAlt1_Mono.png using Guid(fc4228f9270498248a1d3298777bf5da) Importer(815301076,1909f56bfc062723c751e8b465ee728b)  -> (artifact id: '56010b38fd8d112184271726bfe12b1e') in 0.018814 seconds 
  Import took 0.022970 seconds .

========================================================================
Received Import Request.
  Time since last request: 0.000285 seconds.
  path: Assets/SlimUI/Modern Menu 1/Graphics/New/Wide_Mono.png
  artifactKey: Guid(2323cb669376e8c449c3c32670900315) Importer(815301076,1909f56bfc062723c751e8b465ee728b)
Start importing Assets/SlimUI/Modern Menu 1/Graphics/New/Wide_Mono.png using Guid(2323cb669376e8c449c3c32670900315) Importer(815301076,1909f56bfc062723c751e8b465ee728b)  -> (artifact id: '36cbe2d8fcae80c229e9628fd13915a5') in 0.038027 seconds 
  Import took 0.043176 seconds .

========================================================================
Received Import Request.
  Time since last request: 0.000305 seconds.
  path: Assets/SlimUI/Modern Menu 1/Graphics/New/LineDetailAlt2_Mono.png
  artifactKey: Guid(2a11849d78988a3489d6ffa83d159ecd) Importer(815301076,1909f56bfc062723c751e8b465ee728b)
Start importing Assets/SlimUI/Modern Menu 1/Graphics/New/LineDetailAlt2_Mono.png using Guid(2a11849d78988a3489d6ffa83d159ecd) Importer(815301076,1909f56bfc062723c751e8b465ee728b)  -> (artifact id: 'd1d3b38968186c827d9ae095c5d1d5d2') in 0.063701 seconds 
  Import took 0.069647 seconds .

========================================================================
Received Import Request.
  Time since last request: 0.000403 seconds.
  path: Assets/SlimUI/Modern Menu 1/Graphics/New/LineDetail_Mono.png
  artifactKey: Guid(05f659001c09bec428a6bf8899b37df6) Importer(815301076,1909f56bfc062723c751e8b465ee728b)
Start importing Assets/SlimUI/Modern Menu 1/Graphics/New/LineDetail_Mono.png using Guid(05f659001c09bec428a6bf8899b37df6) Importer(815301076,1909f56bfc062723c751e8b465ee728b)  -> (artifact id: '4079608435c91de6f0d1db5dcffa56b2') in 0.012241 seconds 
  Import took 0.016766 seconds .

========================================================================
Received Import Request.
  Time since last request: 0.000305 seconds.
  path: Assets/SlimUI/Modern Menu 1/Graphics/New/LineDetailAlt2_Mono.png
  artifactKey: Guid(2a11849d78988a3489d6ffa83d159ecd) Importer(815301076,1909f56bfc062723c751e8b465ee728b)
Start importing Assets/SlimUI/Modern Menu 1/Graphics/New/LineDetailAlt2_Mono.png using Guid(2a11849d78988a3489d6ffa83d159ecd) Importer(815301076,1909f56bfc062723c751e8b465ee728b)  -> (artifact id: 'd1d3b38968186c827d9ae095c5d1d5d2') in 0.010913 seconds 
  Import took 0.015791 seconds .

========================================================================
Received Prepare
Registering precompiled user dll's ...
Registered in 0.005150 seconds.
Begin MonoManager ReloadAssembly
Native extension for WindowsStandalone target not found
Refreshing native plugins compatible for Editor in 0.74 ms, found 3 plugins.
Preloading 0 native plugins for Editor in 0.00 ms.
Mono: successfully reloaded assembly
- Completed reload, in  1.286 seconds
Domain Reload Profiling:
	ReloadAssembly (1286ms)
		BeginReloadAssembly (136ms)
			ExecutionOrderSort (0ms)
			DisableScriptedObjects (7ms)
			BackupInstance (0ms)
			ReleaseScriptingObjects (0ms)
			CreateAndSetChildDomain (42ms)
		EndReloadAssembly (1079ms)
			LoadAssemblies (105ms)
			RebuildTransferFunctionScriptingTraits (0ms)
			SetupTypeCache (328ms)
			ReleaseScriptCaches (1ms)
			RebuildScriptCaches (46ms)
			SetupLoadedEditorAssemblies (485ms)
				LogAssemblyErrors (0ms)
				InitializePlatformSupportModulesInManaged (6ms)
				SetLoadedEditorAssemblies (1ms)
				RefreshPlugins (1ms)
				BeforeProcessingInitializeOnLoad (107ms)
				ProcessInitializeOnLoadAttributes (353ms)
				ProcessInitializeOnLoadMethodAttributes (8ms)
				AfterProcessingInitializeOnLoad (10ms)
				EditorAssembliesLoaded (0ms)
			ExecutionOrderSort2 (0ms)
			AwakeInstancesAfterBackupRestoration (11ms)
Platform modules already initialized, skipping
Refreshing native plugins compatible for Editor in 0.73 ms, found 3 plugins.
Preloading 0 native plugins for Editor in 0.00 ms.
Unloading 1981 Unused Serialized files (Serialized files now loaded: 0)
System memory in use before: 96.1 MB.
System memory in use after: 96.1 MB.

Unloading 21 unused Assets to reduce memory usage. Loaded Objects now: 2488.
Total: 3.444700 ms (FindLiveObjects: 0.215000 ms CreateObjectMapping: 0.076100 ms MarkObjects: 3.043500 ms  DeleteObjects: 0.109200 ms)

AssetImportParameters requested are different than current active one (requested -> active):
  custom:framework-win-MediaFoundation: 216162199b28c13a410421893ffa2e32 -> 
  custom:video-decoder-ogg-theora: a1e56fd34408186e4bbccfd4996cb3dc -> 
  custom:container-muxer-webm: aa71ff27fc2769a1b78a27578f13a17b -> 
  custom:container-demuxer-webm: 4f35f7cbe854078d1ac9338744f61a02 -> 
  custom:container-demuxer-ogg: 62fdf1f143b41e24485cea50d1cbac27 -> 
  custom:video-encoder-webm-vp8: eb34c28f22e8b96e1ab97ce403110664 -> 
  custom:video-codec-MediaFoundation-h265: 746d11721c4dcdbdad8f713fa42b33f4 -> 
  custom:video-decoder-webm-vp8: 9c59270c3fd7afecdb556c50c9e8de78 -> 
  custom:audio-decoder-ogg-vorbis: bf7c407c2cedff20999df2af8eb42d56 -> 
  custom:audio-encoder-webm-vorbis: bf7c407c2cedff20999df2af8eb42d56 -> 
========================================================================
Received Prepare
Registering precompiled user dll's ...
Registered in 0.004770 seconds.
Begin MonoManager ReloadAssembly
Native extension for WindowsStandalone target not found
Refreshing native plugins compatible for Editor in 0.72 ms, found 3 plugins.
Preloading 0 native plugins for Editor in 0.00 ms.
Mono: successfully reloaded assembly
- Completed reload, in  1.350 seconds
Domain Reload Profiling:
	ReloadAssembly (1351ms)
		BeginReloadAssembly (152ms)
			ExecutionOrderSort (0ms)
			DisableScriptedObjects (7ms)
			BackupInstance (0ms)
			ReleaseScriptingObjects (0ms)
			CreateAndSetChildDomain (42ms)
		EndReloadAssembly (1126ms)
			LoadAssemblies (119ms)
			RebuildTransferFunctionScriptingTraits (0ms)
			SetupTypeCache (343ms)
			ReleaseScriptCaches (1ms)
			RebuildScriptCaches (48ms)
			SetupLoadedEditorAssemblies (510ms)
				LogAssemblyErrors (0ms)
				InitializePlatformSupportModulesInManaged (5ms)
				SetLoadedEditorAssemblies (1ms)
				RefreshPlugins (1ms)
				BeforeProcessingInitializeOnLoad (117ms)
				ProcessInitializeOnLoadAttributes (370ms)
				ProcessInitializeOnLoadMethodAttributes (8ms)
				AfterProcessingInitializeOnLoad (8ms)
				EditorAssembliesLoaded (0ms)
			ExecutionOrderSort2 (0ms)
			AwakeInstancesAfterBackupRestoration (11ms)
Platform modules already initialized, skipping
Refreshing native plugins compatible for Editor in 0.85 ms, found 3 plugins.
Preloading 0 native plugins for Editor in 0.00 ms.
Unloading 2091 Unused Serialized files (Serialized files now loaded: 0)
System memory in use before: 100.9 MB.
System memory in use after: 100.9 MB.

Unloading 22 unused Assets to reduce memory usage. Loaded Objects now: 2599.
Total: 3.929500 ms (FindLiveObjects: 0.226100 ms CreateObjectMapping: 0.074200 ms MarkObjects: 3.488700 ms  DeleteObjects: 0.139400 ms)

AssetImportParameters requested are different than current active one (requested -> active):
  custom:framework-win-MediaFoundation: 216162199b28c13a410421893ffa2e32 -> 
  custom:video-decoder-ogg-theora: a1e56fd34408186e4bbccfd4996cb3dc -> 
  custom:container-muxer-webm: aa71ff27fc2769a1b78a27578f13a17b -> 
  custom:container-demuxer-webm: 4f35f7cbe854078d1ac9338744f61a02 -> 
  custom:container-demuxer-ogg: 62fdf1f143b41e24485cea50d1cbac27 -> 
  custom:video-encoder-webm-vp8: eb34c28f22e8b96e1ab97ce403110664 -> 
  custom:video-codec-MediaFoundation-h265: 746d11721c4dcdbdad8f713fa42b33f4 -> 
  custom:video-decoder-webm-vp8: 9c59270c3fd7afecdb556c50c9e8de78 -> 
  custom:audio-decoder-ogg-vorbis: bf7c407c2cedff20999df2af8eb42d56 -> 
  custom:audio-encoder-webm-vorbis: bf7c407c2cedff20999df2af8eb42d56 -> 
========================================================================
Received Prepare
Registering precompiled user dll's ...
Registered in 0.005720 seconds.
Begin MonoManager ReloadAssembly
Native extension for WindowsStandalone target not found
Refreshing native plugins compatible for Editor in 0.71 ms, found 3 plugins.
Preloading 0 native plugins for Editor in 0.00 ms.
Mono: successfully reloaded assembly
- Completed reload, in  1.575 seconds
Domain Reload Profiling:
	ReloadAssembly (1575ms)
		BeginReloadAssembly (154ms)
			ExecutionOrderSort (0ms)
			DisableScriptedObjects (7ms)
			BackupInstance (0ms)
			ReleaseScriptingObjects (0ms)
			CreateAndSetChildDomain (46ms)
		EndReloadAssembly (1327ms)
			LoadAssemblies (172ms)
			RebuildTransferFunctionScriptingTraits (0ms)
			SetupTypeCache (371ms)
			ReleaseScriptCaches (1ms)
			RebuildScriptCaches (59ms)
			SetupLoadedEditorAssemblies (583ms)
				LogAssemblyErrors (0ms)
				InitializePlatformSupportModulesInManaged (6ms)
				SetLoadedEditorAssemblies (1ms)
				RefreshPlugins (1ms)
				BeforeProcessingInitializeOnLoad (178ms)
				ProcessInitializeOnLoadAttributes (381ms)
				ProcessInitializeOnLoadMethodAttributes (9ms)
				AfterProcessingInitializeOnLoad (8ms)
				EditorAssembliesLoaded (0ms)
			ExecutionOrderSort2 (0ms)
			AwakeInstancesAfterBackupRestoration (18ms)
Platform modules already initialized, skipping
Refreshing native plugins compatible for Editor in 0.72 ms, found 3 plugins.
Preloading 0 native plugins for Editor in 0.00 ms.
Unloading 2138 Unused Serialized files (Serialized files now loaded: 0)
System memory in use before: 103.9 MB.
System memory in use after: 103.2 MB.

Unloading 35 unused Assets to reduce memory usage. Loaded Objects now: 2635.
Total: 4.820500 ms (FindLiveObjects: 0.220600 ms CreateObjectMapping: 0.091000 ms MarkObjects: 3.878900 ms  DeleteObjects: 0.628000 ms)

AssetImportParameters requested are different than current active one (requested -> active):
  custom:framework-win-MediaFoundation: 216162199b28c13a410421893ffa2e32 -> 
  custom:video-decoder-ogg-theora: a1e56fd34408186e4bbccfd4996cb3dc -> 
  custom:container-muxer-webm: aa71ff27fc2769a1b78a27578f13a17b -> 
  custom:container-demuxer-webm: 4f35f7cbe854078d1ac9338744f61a02 -> 
  custom:container-demuxer-ogg: 62fdf1f143b41e24485cea50d1cbac27 -> 
  custom:video-encoder-webm-vp8: eb34c28f22e8b96e1ab97ce403110664 -> 
  custom:video-codec-MediaFoundation-h265: 746d11721c4dcdbdad8f713fa42b33f4 -> 
  custom:video-decoder-webm-vp8: 9c59270c3fd7afecdb556c50c9e8de78 -> 
  custom:audio-decoder-ogg-vorbis: bf7c407c2cedff20999df2af8eb42d56 -> 
  custom:audio-encoder-webm-vorbis: bf7c407c2cedff20999df2af8eb42d56 -> 
========================================================================
Received Import Request.
  Time since last request: 1009.168348 seconds.
  path: Assets/TextMesh Pro
  artifactKey: Guid(f54d1bd14bd3ca042bd867b519fee8cc) Importer(815301076,1909f56bfc062723c751e8b465ee728b)
Start importing Assets/TextMesh Pro using Guid(f54d1bd14bd3ca042bd867b519fee8cc) Importer(815301076,1909f56bfc062723c751e8b465ee728b)  -> (artifact id: '16b4cbde9565bf190136f1148817e1ea') in 0.015347 seconds 
  Import took 0.020602 seconds .

========================================================================
Received Import Request.
  Time since last request: 1.315820 seconds.
  path: Assets/TextMesh Pro/Fonts
  artifactKey: Guid(6ab70aee4d56447429c680537fbf93ed) Importer(815301076,1909f56bfc062723c751e8b465ee728b)
Start importing Assets/TextMesh Pro/Fonts using Guid(6ab70aee4d56447429c680537fbf93ed) Importer(815301076,1909f56bfc062723c751e8b465ee728b)  -> (artifact id: 'c860dfdf0522eec1202f36843e52d436') in 0.013687 seconds 
  Import took 0.020616 seconds .

========================================================================
Received Import Request.
  Time since last request: 0.095253 seconds.
  path: Assets/TextMesh Pro/Fonts/LiberationSans.ttf
  artifactKey: Guid(e3265ab4bf004d28a9537516768c1c75) Importer(815301076,1909f56bfc062723c751e8b465ee728b)
Start importing Assets/TextMesh Pro/Fonts/LiberationSans.ttf using Guid(e3265ab4bf004d28a9537516768c1c75) Importer(815301076,1909f56bfc062723c751e8b465ee728b)  -> (artifact id: 'bdddd331c3f1b7826858a8d92db67e39') in 8.268285 seconds 
  Import took 8.272698 seconds .

========================================================================
Received Import Request.
  Time since last request: 0.000374 seconds.
  path: Assets/TextMesh Pro/Examples & Extras/Prefabs
  artifactKey: Guid(5bff2544887143f5807c7d5059d07f79) Importer(815301076,1909f56bfc062723c751e8b465ee728b)
Start importing Assets/TextMesh Pro/Examples & Extras/Prefabs using Guid(5bff2544887143f5807c7d5059d07f79) Importer(815301076,1909f56bfc062723c751e8b465ee728b)  -> (artifact id: '582b4fcb6b6d9ac0c8722ab8a66316c7') in 0.006570 seconds 
  Import took 0.011476 seconds .

========================================================================
Received Import Request.
  Time since last request: 0.000554 seconds.
  path: Assets/TextMesh Pro/Examples & Extras/Prefabs/TextMeshPro - Prefab 2.prefab
  artifactKey: Guid(fdad9d952ae84cafb74c63f2e694d042) Importer(815301076,1909f56bfc062723c751e8b465ee728b)
Start importing Assets/TextMesh Pro/Examples & Extras/Prefabs/TextMeshPro - Prefab 2.prefab using Guid(fdad9d952ae84cafb74c63f2e694d042) Importer(815301076,1909f56bfc062723c751e8b465ee728b)  -> (artifact id: '228d50e0314dbfce03e5f9f5aa384fa3') in 0.093696 seconds 
  Import took 0.099625 seconds .

========================================================================
Received Import Request.
  Time since last request: 0.000317 seconds.
  path: Assets/TextMesh Pro/Examples & Extras/Fonts
  artifactKey: Guid(b63e0053080646b9819789bf3bf9fa17) Importer(815301076,1909f56bfc062723c751e8b465ee728b)
Start importing Assets/TextMesh Pro/Examples & Extras/Fonts using Guid(b63e0053080646b9819789bf3bf9fa17) Importer(815301076,1909f56bfc062723c751e8b465ee728b)  -> (artifact id: '0438bf6cd03601537939cd04c15a122c') in 0.002046 seconds 
  Import took 0.006110 seconds .

========================================================================
Received Import Request.
  Time since last request: 0.000365 seconds.
  path: Assets/TextMesh Pro/Examples & Extras/Prefabs/Text Popup.prefab
  artifactKey: Guid(b06f0e6c1dfa4356ac918da1bb32c603) Importer(815301076,1909f56bfc062723c751e8b465ee728b)
Start importing Assets/TextMesh Pro/Examples & Extras/Prefabs/Text Popup.prefab using Guid(b06f0e6c1dfa4356ac918da1bb32c603) Importer(815301076,1909f56bfc062723c751e8b465ee728b)  -> (artifact id: 'f342987b4ac67915496b52096cb6a516') in 0.058471 seconds 
  Import took 0.063136 seconds .

========================================================================
Received Import Request.
  Time since last request: 0.000360 seconds.
  path: Assets/TextMesh Pro/Examples & Extras/Fonts/Oswald-Bold.ttf
  artifactKey: Guid(c9f6d0e7bc8541498c9a4799ba184ede) Importer(815301076,1909f56bfc062723c751e8b465ee728b)
Start importing Assets/TextMesh Pro/Examples & Extras/Fonts/Oswald-Bold.ttf using Guid(c9f6d0e7bc8541498c9a4799ba184ede) Importer(815301076,1909f56bfc062723c751e8b465ee728b)  -> (artifact id: '9d313bcea6b6ddf2c8c0bdfd1fb81dfc') in 0.029243 seconds 
  Import took 0.033615 seconds .

========================================================================
Received Import Request.
  Time since last request: 0.000243 seconds.
  path: Assets/TextMesh Pro/Examples & Extras/Fonts/Roboto-Bold.ttf
  artifactKey: Guid(4beb055f07aaff244873dec698d0363e) Importer(815301076,1909f56bfc062723c751e8b465ee728b)
Start importing Assets/TextMesh Pro/Examples & Extras/Fonts/Roboto-Bold.ttf using Guid(4beb055f07aaff244873dec698d0363e) Importer(815301076,1909f56bfc062723c751e8b465ee728b)  -> (artifact id: '6c0d3d5e9fbf8ba6903c17dcbf477454') in 0.029707 seconds 
  Import took 0.033772 seconds .

========================================================================
Received Import Request.
  Time since last request: 0.000307 seconds.
  path: Assets/TextMesh Pro/Examples & Extras/Materials
  artifactKey: Guid(5808953df7a24274a851aa6dee52d30e) Importer(815301076,1909f56bfc062723c751e8b465ee728b)
Start importing Assets/TextMesh Pro/Examples & Extras/Materials using Guid(5808953df7a24274a851aa6dee52d30e) Importer(815301076,1909f56bfc062723c751e8b465ee728b)  -> (artifact id: 'b002bb5efa77354502834f223bdc58ea') in 0.008270 seconds 
  Import took 0.013714 seconds .

========================================================================
Received Import Request.
  Time since last request: 0.000410 seconds.
  path: Assets/TextMesh Pro/Examples & Extras/Materials/Crate - Surface Shader Scene.mat
  artifactKey: Guid(e6b9b44320f4448d9d5e0ee634259966) Importer(815301076,1909f56bfc062723c751e8b465ee728b)
Start importing Assets/TextMesh Pro/Examples & Extras/Materials/Crate - Surface Shader Scene.mat using Guid(e6b9b44320f4448d9d5e0ee634259966) Importer(815301076,1909f56bfc062723c751e8b465ee728b)  -> (artifact id: '82cf10a232fb1e9761a31632be84bc7c') in 3.506505 seconds 
  Import took 3.512658 seconds .

========================================================================
Received Import Request.
  Time since last request: 0.000324 seconds.
  path: Assets/TextMesh Pro/Examples & Extras/Fonts/Electronic Highway Sign.TTF
  artifactKey: Guid(8a2b9e2a607dd2143b58c44bc32410b4) Importer(815301076,1909f56bfc062723c751e8b465ee728b)
Start importing Assets/TextMesh Pro/Examples & Extras/Fonts/Electronic Highway Sign.TTF using Guid(8a2b9e2a607dd2143b58c44bc32410b4) Importer(815301076,1909f56bfc062723c751e8b465ee728b)  -> (artifact id: 'e9ac7beed70274322407e6f2201347ab') in 0.029433 seconds 
  Import took 0.034197 seconds .

========================================================================
Received Import Request.
  Time since last request: 0.000404 seconds.
  path: Assets/TextMesh Pro/Examples & Extras/Prefabs/TextMeshPro - Prefab 1.prefab
  artifactKey: Guid(a6e39ced0ea046bcb636c3f0b2e2a745) Importer(815301076,1909f56bfc062723c751e8b465ee728b)
Start importing Assets/TextMesh Pro/Examples & Extras/Prefabs/TextMeshPro - Prefab 1.prefab using Guid(a6e39ced0ea046bcb636c3f0b2e2a745) Importer(815301076,1909f56bfc062723c751e8b465ee728b)  -> (artifact id: 'c46506bddbead1890eb2080ed64ce5b4') in 0.040914 seconds 
  Import took 0.045116 seconds .

========================================================================
Received Import Request.
  Time since last request: 0.000339 seconds.
  path: Assets/TextMesh Pro/Examples & Extras/Materials/Ground - Surface Shader Scene.mat
  artifactKey: Guid(aadd5a709a48466c887296bb5b1b8110) Importer(815301076,1909f56bfc062723c751e8b465ee728b)
Start importing Assets/TextMesh Pro/Examples & Extras/Materials/Ground - Surface Shader Scene.mat using Guid(aadd5a709a48466c887296bb5b1b8110) Importer(815301076,1909f56bfc062723c751e8b465ee728b)  -> (artifact id: '6cb1a531bdeffaee745a9dd9c4f17fc2') in 2.950371 seconds 
  Import took 2.954544 seconds .

========================================================================
Received Import Request.
  Time since last request: 0.000347 seconds.
  path: Assets/TextMesh Pro/Examples & Extras
  artifactKey: Guid(ce51c8e33b734b4db6086586558c53a3) Importer(815301076,1909f56bfc062723c751e8b465ee728b)
Start importing Assets/TextMesh Pro/Examples & Extras using Guid(ce51c8e33b734b4db6086586558c53a3) Importer(815301076,1909f56bfc062723c751e8b465ee728b)  -> (artifact id: '3e3cf4d2f68a1ab192bd0aaafbdee761') in 0.006762 seconds 
  Import took 0.011626 seconds .

========================================================================
Received Import Request.
  Time since last request: 0.000420 seconds.
  path: Assets/TextMesh Pro/Examples & Extras/Fonts/Bangers.ttf
  artifactKey: Guid(5dd49b3eacc540408c98eee0de38e0f1) Importer(815301076,1909f56bfc062723c751e8b465ee728b)
Start importing Assets/TextMesh Pro/Examples & Extras/Fonts/Bangers.ttf using Guid(5dd49b3eacc540408c98eee0de38e0f1) Importer(815301076,1909f56bfc062723c751e8b465ee728b)  -> (artifact id: '4bcbddb7e72e92fa3a6f13b2b0717c42') in 0.020339 seconds 
  Import took 0.026565 seconds .

========================================================================
Received Import Request.
  Time since last request: 0.000222 seconds.
  path: Assets/TextMesh Pro/Examples & Extras/Materials/Ground - Logo Scene.mat
  artifactKey: Guid(c719e38f25a9480abd2480ab621a2949) Importer(815301076,1909f56bfc062723c751e8b465ee728b)
Start importing Assets/TextMesh Pro/Examples & Extras/Materials/Ground - Logo Scene.mat using Guid(c719e38f25a9480abd2480ab621a2949) Importer(815301076,1909f56bfc062723c751e8b465ee728b)  -> (artifact id: '4457526dabe3b1ee21207b5702e85636') in 1.075729 seconds 
  Import took 1.080682 seconds .

========================================================================
Received Import Request.
  Time since last request: 0.000344 seconds.
  path: Assets/SlimUI
  artifactKey: Guid(b040ec7cecc87454a99988f1eb11fab9) Importer(815301076,1909f56bfc062723c751e8b465ee728b)
Start importing Assets/SlimUI using Guid(b040ec7cecc87454a99988f1eb11fab9) Importer(815301076,1909f56bfc062723c751e8b465ee728b)  -> (artifact id: '584470a369d94e3450f1f490c2a8c170') in 0.007224 seconds 
  Import took 0.012956 seconds .

========================================================================
Received Import Request.
  Time since last request: 0.000376 seconds.
  path: Assets/TextMesh Pro/Examples & Extras/Fonts/Anton.ttf
  artifactKey: Guid(997a43b767814dd0a7642ec9b78cba41) Importer(815301076,1909f56bfc062723c751e8b465ee728b)
Start importing Assets/TextMesh Pro/Examples & Extras/Fonts/Anton.ttf using Guid(997a43b767814dd0a7642ec9b78cba41) Importer(815301076,1909f56bfc062723c751e8b465ee728b)  -> (artifact id: 'a682bbb39787555d96ca66a99595bfc7') in 0.021813 seconds 
  Import took 0.028736 seconds .

========================================================================
Received Import Request.
  Time since last request: 0.000330 seconds.
  path: Assets/TextMesh Pro/Examples & Extras/Materials/Small Crate_diffuse.mat
  artifactKey: Guid(22262639920f43d6be32430e4e58350d) Importer(815301076,1909f56bfc062723c751e8b465ee728b)
Start importing Assets/TextMesh Pro/Examples & Extras/Materials/Small Crate_diffuse.mat using Guid(22262639920f43d6be32430e4e58350d) Importer(815301076,1909f56bfc062723c751e8b465ee728b)  -> (artifact id: 'f087dcf16cec75a6974325e7c470dd37') in 1.180009 seconds 
  Import took 1.184109 seconds .

========================================================================
Received Import Request.
  Time since last request: 0.350633 seconds.
  path: Assets/SlimUI/Fonts
  artifactKey: Guid(2e0b0b7983409494bb8a59037fbfc5a6) Importer(815301076,1909f56bfc062723c751e8b465ee728b)
Start importing Assets/SlimUI/Fonts using Guid(2e0b0b7983409494bb8a59037fbfc5a6) Importer(815301076,1909f56bfc062723c751e8b465ee728b)  -> (artifact id: '796e92678f5d4ed29179fff085a1cea2') in 0.002746 seconds 
  Import took 0.007066 seconds .

========================================================================
Received Import Request.
  Time since last request: 0.275597 seconds.
  path: Assets/SlimUI/Fonts/LATO-BOLD SDF.asset
  artifactKey: Guid(3199409928624324999b9336dd1ed8f3) Importer(815301076,1909f56bfc062723c751e8b465ee728b)
Start importing Assets/SlimUI/Fonts/LATO-BOLD SDF.asset using Guid(3199409928624324999b9336dd1ed8f3) Importer(815301076,1909f56bfc062723c751e8b465ee728b)  -> (artifact id: '23b8ff69e50ab307847eda951d8658a3') in 1.082483 seconds 
  Import took 1.086726 seconds .

========================================================================
Received Import Request.
  Time since last request: 0.000325 seconds.
  path: Assets/SlimUI/Fonts/RUBIK-BOLD SDF.asset
  artifactKey: Guid(debe894442e153d479c7f9d07cce1276) Importer(815301076,1909f56bfc062723c751e8b465ee728b)
Start importing Assets/SlimUI/Fonts/RUBIK-BOLD SDF.asset using Guid(debe894442e153d479c7f9d07cce1276) Importer(815301076,1909f56bfc062723c751e8b465ee728b)  -> (artifact id: '03f6d0511d5b289cbbdfe570cad8fd3b') in 1.089966 seconds 
  Import took 1.093825 seconds .

========================================================================
Received Import Request.
  Time since last request: 0.000324 seconds.
  path: Assets/SlimUI/Fonts/LATO-LIGHT SDF.asset
  artifactKey: Guid(2032339f567bde146b32a51cb1425adf) Importer(815301076,1909f56bfc062723c751e8b465ee728b)
Start importing Assets/SlimUI/Fonts/LATO-LIGHT SDF.asset using Guid(2032339f567bde146b32a51cb1425adf) Importer(815301076,1909f56bfc062723c751e8b465ee728b)  -> (artifact id: '0f89d773f31ca0913274ac03fa42ea2e') in 1.958038 seconds 
  Import took 1.962482 seconds .

========================================================================
Received Import Request.
  Time since last request: 0.000280 seconds.
  path: Assets/SlimUI/Fonts/RUBIK-MEDIUM SDF.asset
  artifactKey: Guid(9d24e6b3ecd1d2b479a31d3d0e7b1f9e) Importer(815301076,1909f56bfc062723c751e8b465ee728b)
Start importing Assets/SlimUI/Fonts/RUBIK-MEDIUM SDF.asset using Guid(9d24e6b3ecd1d2b479a31d3d0e7b1f9e) Importer(815301076,1909f56bfc062723c751e8b465ee728b)  -> (artifact id: '7b7932170ac1fe82f0b58b449fe90ce4') in 1.135719 seconds 
  Import took 1.140478 seconds .

========================================================================
Received Import Request.
  Time since last request: 0.000362 seconds.
  path: Assets/SlimUI/Fonts/RUBIK-LIGHT SDF.asset
  artifactKey: Guid(0b65c99348f068b49bef5db0bb76a6e4) Importer(815301076,1909f56bfc062723c751e8b465ee728b)
Start importing Assets/SlimUI/Fonts/RUBIK-LIGHT SDF.asset using Guid(0b65c99348f068b49bef5db0bb76a6e4) Importer(815301076,1909f56bfc062723c751e8b465ee728b)  -> (artifact id: 'e13634cadefdb8f34c18400159d58eb3') in 1.968198 seconds 
  Import took 1.972094 seconds .

========================================================================
Received Import Request.
  Time since last request: 71.387443 seconds.
  path: Assets/Scenes/Game.unity
  artifactKey: Guid(9fc0d4010bbf28b4594072e72b8655ab) Importer(815301076,1909f56bfc062723c751e8b465ee728b)
Start importing Assets/Scenes/Game.unity using Guid(9fc0d4010bbf28b4594072e72b8655ab) Importer(815301076,1909f56bfc062723c751e8b465ee728b)  -> (artifact id: '12a145631bf11b7ad8c63d2ca5bcf9d7') in 0.008176 seconds 
  Import took 0.012700 seconds .

========================================================================
Received Import Request.
  Time since last request: 0.000942 seconds.
  path: Assets/Scenes/Game.unity
  artifactKey: Guid(9fc0d4010bbf28b4594072e72b8655ab) Importer(815301076,1909f56bfc062723c751e8b465ee728b)
Start importing Assets/Scenes/Game.unity using Guid(9fc0d4010bbf28b4594072e72b8655ab) Importer(815301076,1909f56bfc062723c751e8b465ee728b)  -> (artifact id: '12a145631bf11b7ad8c63d2ca5bcf9d7') in 0.003116 seconds 
  Import took 0.008611 seconds .

========================================================================
Received Prepare
Registering precompiled user dll's ...
Registered in 0.004955 seconds.
Begin MonoManager ReloadAssembly
Native extension for WindowsStandalone target not found
Refreshing native plugins compatible for Editor in 0.70 ms, found 3 plugins.
Preloading 0 native plugins for Editor in 0.00 ms.
Mono: successfully reloaded assembly
- Completed reload, in  1.877 seconds
Domain Reload Profiling:
	ReloadAssembly (1877ms)
		BeginReloadAssembly (133ms)
			ExecutionOrderSort (0ms)
			DisableScriptedObjects (7ms)
			BackupInstance (0ms)
			ReleaseScriptingObjects (0ms)
			CreateAndSetChildDomain (48ms)
		EndReloadAssembly (1673ms)
			LoadAssemblies (359ms)
			RebuildTransferFunctionScriptingTraits (0ms)
			SetupTypeCache (346ms)
			ReleaseScriptCaches (1ms)
			RebuildScriptCaches (51ms)
			SetupLoadedEditorAssemblies (793ms)
				LogAssemblyErrors (0ms)
				InitializePlatformSupportModulesInManaged (5ms)
				SetLoadedEditorAssemblies (1ms)
				RefreshPlugins (1ms)
				BeforeProcessingInitializeOnLoad (114ms)
				ProcessInitializeOnLoadAttributes (658ms)
				ProcessInitializeOnLoadMethodAttributes (7ms)
				AfterProcessingInitializeOnLoad (8ms)
				EditorAssembliesLoaded (0ms)
			ExecutionOrderSort2 (0ms)
			AwakeInstancesAfterBackupRestoration (10ms)
Platform modules already initialized, skipping
Refreshing native plugins compatible for Editor in 1.20 ms, found 3 plugins.
Preloading 0 native plugins for Editor in 0.00 ms.
Unloading 2138 Unused Serialized files (Serialized files now loaded: 0)
System memory in use before: 104.1 MB.
System memory in use after: 103.5 MB.

Unloading 34 unused Assets to reduce memory usage. Loaded Objects now: 2644.
Total: 4.649800 ms (FindLiveObjects: 0.250500 ms CreateObjectMapping: 0.076400 ms MarkObjects: 3.762200 ms  DeleteObjects: 0.559200 ms)

AssetImportParameters requested are different than current active one (requested -> active):
  custom:framework-win-MediaFoundation: 216162199b28c13a410421893ffa2e32 -> 
  custom:video-decoder-ogg-theora: a1e56fd34408186e4bbccfd4996cb3dc -> 
  custom:container-muxer-webm: aa71ff27fc2769a1b78a27578f13a17b -> 
  custom:container-demuxer-webm: 4f35f7cbe854078d1ac9338744f61a02 -> 
  custom:container-demuxer-ogg: 62fdf1f143b41e24485cea50d1cbac27 -> 
  custom:video-encoder-webm-vp8: eb34c28f22e8b96e1ab97ce403110664 -> 
  custom:video-codec-MediaFoundation-h265: 746d11721c4dcdbdad8f713fa42b33f4 -> 
  custom:video-decoder-webm-vp8: 9c59270c3fd7afecdb556c50c9e8de78 -> 
  custom:audio-decoder-ogg-vorbis: bf7c407c2cedff20999df2af8eb42d56 -> 
  custom:audio-encoder-webm-vorbis: bf7c407c2cedff20999df2af8eb42d56 -> 
========================================================================
Received Prepare
Registering precompiled user dll's ...
Registered in 0.006326 seconds.
Begin MonoManager ReloadAssembly
Native extension for WindowsStandalone target not found
Refreshing native plugins compatible for Editor in 0.68 ms, found 3 plugins.
Preloading 0 native plugins for Editor in 0.00 ms.
Mono: successfully reloaded assembly
- Completed reload, in  3.886 seconds
Domain Reload Profiling:
	ReloadAssembly (3887ms)
		BeginReloadAssembly (262ms)
			ExecutionOrderSort (0ms)
			DisableScriptedObjects (9ms)
			BackupInstance (0ms)
			ReleaseScriptingObjects (0ms)
			CreateAndSetChildDomain (40ms)
		EndReloadAssembly (3134ms)
			LoadAssemblies (238ms)
			RebuildTransferFunctionScriptingTraits (0ms)
			SetupTypeCache (345ms)
			ReleaseScriptCaches (1ms)
			RebuildScriptCaches (48ms)
			SetupLoadedEditorAssemblies (2327ms)
				LogAssemblyErrors (0ms)
				InitializePlatformSupportModulesInManaged (6ms)
				SetLoadedEditorAssemblies (1ms)
				RefreshPlugins (1ms)
				BeforeProcessingInitializeOnLoad (119ms)
				ProcessInitializeOnLoadAttributes (2187ms)
				ProcessInitializeOnLoadMethodAttributes (7ms)
				AfterProcessingInitializeOnLoad (7ms)
				EditorAssembliesLoaded (0ms)
			ExecutionOrderSort2 (0ms)
			AwakeInstancesAfterBackupRestoration (11ms)
Platform modules already initialized, skipping
Refreshing native plugins compatible for Editor in 0.79 ms, found 3 plugins.
Preloading 0 native plugins for Editor in 0.00 ms.
Unloading 2136 Unused Serialized files (Serialized files now loaded: 0)
System memory in use before: 103.9 MB.
System memory in use after: 103.3 MB.

Unloading 33 unused Assets to reduce memory usage. Loaded Objects now: 2646.
Total: 5.101300 ms (FindLiveObjects: 0.242500 ms CreateObjectMapping: 0.233900 ms MarkObjects: 4.213500 ms  DeleteObjects: 0.410000 ms)

AssetImportParameters requested are different than current active one (requested -> active):
  custom:framework-win-MediaFoundation: 216162199b28c13a410421893ffa2e32 -> 
  custom:video-decoder-ogg-theora: a1e56fd34408186e4bbccfd4996cb3dc -> 
  custom:container-muxer-webm: aa71ff27fc2769a1b78a27578f13a17b -> 
  custom:container-demuxer-webm: 4f35f7cbe854078d1ac9338744f61a02 -> 
  custom:container-demuxer-ogg: 62fdf1f143b41e24485cea50d1cbac27 -> 
  custom:video-encoder-webm-vp8: eb34c28f22e8b96e1ab97ce403110664 -> 
  custom:video-codec-MediaFoundation-h265: 746d11721c4dcdbdad8f713fa42b33f4 -> 
  custom:video-decoder-webm-vp8: 9c59270c3fd7afecdb556c50c9e8de78 -> 
  custom:audio-decoder-ogg-vorbis: bf7c407c2cedff20999df2af8eb42d56 -> 
  custom:audio-encoder-webm-vorbis: bf7c407c2cedff20999df2af8eb42d56 -> 
========================================================================
Received Import Request.
  Time since last request: 226.474727 seconds.
  path: Assets/Prefabs/Part_A.prefab
  artifactKey: Guid(377802002dc233c4ea91371b4287d7ea) Importer(815301076,1909f56bfc062723c751e8b465ee728b)
Start importing Assets/Prefabs/Part_A.prefab using Guid(377802002dc233c4ea91371b4287d7ea) Importer(815301076,1909f56bfc062723c751e8b465ee728b)  -> (artifact id: '80838eaa954832bc81b7abac5e619def') in 9.272520 seconds 
  Import took 9.280502 seconds .

========================================================================
Received Import Request.
  Time since last request: 0.000348 seconds.
  path: Assets/Prefabs/Part_B.prefab
  artifactKey: Guid(65e73dfb953f63d42ae5b9f37c62beef) Importer(815301076,1909f56bfc062723c751e8b465ee728b)
Start importing Assets/Prefabs/Part_B.prefab using Guid(65e73dfb953f63d42ae5b9f37c62beef) Importer(815301076,1909f56bfc062723c751e8b465ee728b)  -> (artifact id: 'd197d515aefd831a22f922456346127b') in 4.340068 seconds 
  Import took 4.347342 seconds .

========================================================================
Received Import Request.
  Time since last request: 0.000309 seconds.
  path: Assets/Scenes/Menu.unity
  artifactKey: Guid(8cc70e9f500c9d543966d7245af3bb8d) Importer(815301076,1909f56bfc062723c751e8b465ee728b)
Start importing Assets/Scenes/Menu.unity using Guid(8cc70e9f500c9d543966d7245af3bb8d) Importer(815301076,1909f56bfc062723c751e8b465ee728b)  -> (artifact id: 'aec448032b83746adac6b8b37ba79bd8') in 0.022427 seconds 
  Import took 0.026546 seconds .

========================================================================
Received Import Request.
  Time since last request: 0.000683 seconds.
  path: Assets/Prefabs/Part_C.prefab
  artifactKey: Guid(4cf4913fdf171c849829d3c1ceb6d628) Importer(815301076,1909f56bfc062723c751e8b465ee728b)
Start importing Assets/Prefabs/Part_C.prefab using Guid(4cf4913fdf171c849829d3c1ceb6d628) Importer(815301076,1909f56bfc062723c751e8b465ee728b)  -> (artifact id: '0364448ae23ace64e39418f8c59f3aeb') in 2.375201 seconds 
  Import took 2.386574 seconds .

========================================================================
Received Prepare
Registering precompiled user dll's ...
Registered in 0.006295 seconds.
Begin MonoManager ReloadAssembly
Native extension for WindowsStandalone target not found
Refreshing native plugins compatible for Editor in 1.15 ms, found 3 plugins.
Preloading 0 native plugins for Editor in 0.00 ms.
Mono: successfully reloaded assembly
- Completed reload, in  1.778 seconds
Domain Reload Profiling:
	ReloadAssembly (1779ms)
		BeginReloadAssembly (172ms)
			ExecutionOrderSort (0ms)
			DisableScriptedObjects (23ms)
			BackupInstance (0ms)
			ReleaseScriptingObjects (0ms)
			CreateAndSetChildDomain (51ms)
		EndReloadAssembly (1510ms)
			LoadAssemblies (140ms)
			RebuildTransferFunctionScriptingTraits (0ms)
			SetupTypeCache (455ms)
			ReleaseScriptCaches (1ms)
			RebuildScriptCaches (68ms)
			SetupLoadedEditorAssemblies (679ms)
				LogAssemblyErrors (0ms)
				InitializePlatformSupportModulesInManaged (8ms)
				SetLoadedEditorAssemblies (1ms)
				RefreshPlugins (1ms)
				BeforeProcessingInitializeOnLoad (168ms)
				ProcessInitializeOnLoadAttributes (480ms)
				ProcessInitializeOnLoadMethodAttributes (9ms)
				AfterProcessingInitializeOnLoad (12ms)
				EditorAssembliesLoaded (0ms)
			ExecutionOrderSort2 (0ms)
			AwakeInstancesAfterBackupRestoration (15ms)
Platform modules already initialized, skipping
Refreshing native plugins compatible for Editor in 0.98 ms, found 3 plugins.
Preloading 0 native plugins for Editor in 0.00 ms.
Unloading 2136 Unused Serialized files (Serialized files now loaded: 0)
System memory in use before: 104.2 MB.
System memory in use after: 103.6 MB.

Unloading 33 unused Assets to reduce memory usage. Loaded Objects now: 2649.
Total: 4.681200 ms (FindLiveObjects: 0.246500 ms CreateObjectMapping: 0.147800 ms MarkObjects: 3.824700 ms  DeleteObjects: 0.460400 ms)

AssetImportParameters requested are different than current active one (requested -> active):
  custom:framework-win-MediaFoundation: 216162199b28c13a410421893ffa2e32 -> 
  custom:video-decoder-ogg-theora: a1e56fd34408186e4bbccfd4996cb3dc -> 
  custom:container-muxer-webm: aa71ff27fc2769a1b78a27578f13a17b -> 
  custom:container-demuxer-webm: 4f35f7cbe854078d1ac9338744f61a02 -> 
  custom:container-demuxer-ogg: 62fdf1f143b41e24485cea50d1cbac27 -> 
  custom:video-encoder-webm-vp8: eb34c28f22e8b96e1ab97ce403110664 -> 
  custom:video-codec-MediaFoundation-h265: 746d11721c4dcdbdad8f713fa42b33f4 -> 
  custom:video-decoder-webm-vp8: 9c59270c3fd7afecdb556c50c9e8de78 -> 
  custom:audio-decoder-ogg-vorbis: bf7c407c2cedff20999df2af8eb42d56 -> 
  custom:audio-encoder-webm-vorbis: bf7c407c2cedff20999df2af8eb42d56 -> 
========================================================================
Received Prepare
Registering precompiled user dll's ...
Registered in 0.006745 seconds.
Begin MonoManager ReloadAssembly
Native extension for WindowsStandalone target not found
Refreshing native plugins compatible for Editor in 1.43 ms, found 3 plugins.
Preloading 0 native plugins for Editor in 0.00 ms.
Mono: successfully reloaded assembly
- Completed reload, in  2.595 seconds
Domain Reload Profiling:
	ReloadAssembly (2595ms)
		BeginReloadAssembly (328ms)
			ExecutionOrderSort (0ms)
			DisableScriptedObjects (9ms)
			BackupInstance (0ms)
			ReleaseScriptingObjects (0ms)
			CreateAndSetChildDomain (72ms)
		EndReloadAssembly (2120ms)
			LoadAssemblies (342ms)
			RebuildTransferFunctionScriptingTraits (0ms)
			SetupTypeCache (619ms)
			ReleaseScriptCaches (2ms)
			RebuildScriptCaches (103ms)
			SetupLoadedEditorAssemblies (875ms)
				LogAssemblyErrors (0ms)
				InitializePlatformSupportModulesInManaged (12ms)
				SetLoadedEditorAssemblies (1ms)
				RefreshPlugins (2ms)
				BeforeProcessingInitializeOnLoad (224ms)
				ProcessInitializeOnLoadAttributes (614ms)
				ProcessInitializeOnLoadMethodAttributes (10ms)
				AfterProcessingInitializeOnLoad (10ms)
				EditorAssembliesLoaded (0ms)
			ExecutionOrderSort2 (0ms)
			AwakeInstancesAfterBackupRestoration (21ms)
Platform modules already initialized, skipping
Refreshing native plugins compatible for Editor in 0.84 ms, found 3 plugins.
Preloading 0 native plugins for Editor in 0.00 ms.
Unloading 2136 Unused Serialized files (Serialized files now loaded: 0)
System memory in use before: 104.2 MB.
System memory in use after: 103.6 MB.

Unloading 33 unused Assets to reduce memory usage. Loaded Objects now: 2651.
Total: 5.919100 ms (FindLiveObjects: 0.344600 ms CreateObjectMapping: 0.142000 ms MarkObjects: 4.919800 ms  DeleteObjects: 0.511000 ms)

AssetImportParameters requested are different than current active one (requested -> active):
  custom:framework-win-MediaFoundation: 216162199b28c13a410421893ffa2e32 -> 
  custom:video-decoder-ogg-theora: a1e56fd34408186e4bbccfd4996cb3dc -> 
  custom:container-muxer-webm: aa71ff27fc2769a1b78a27578f13a17b -> 
  custom:container-demuxer-webm: 4f35f7cbe854078d1ac9338744f61a02 -> 
  custom:container-demuxer-ogg: 62fdf1f143b41e24485cea50d1cbac27 -> 
  custom:video-encoder-webm-vp8: eb34c28f22e8b96e1ab97ce403110664 -> 
  custom:video-codec-MediaFoundation-h265: 746d11721c4dcdbdad8f713fa42b33f4 -> 
  custom:video-decoder-webm-vp8: 9c59270c3fd7afecdb556c50c9e8de78 -> 
  custom:audio-decoder-ogg-vorbis: bf7c407c2cedff20999df2af8eb42d56 -> 
  custom:audio-encoder-webm-vorbis: bf7c407c2cedff20999df2af8eb42d56 -> 
========================================================================
Received Prepare
Registering precompiled user dll's ...
Registered in 0.005588 seconds.
Begin MonoManager ReloadAssembly
Native extension for WindowsStandalone target not found
Refreshing native plugins compatible for Editor in 1.26 ms, found 3 plugins.
Preloading 0 native plugins for Editor in 0.00 ms.
Mono: successfully reloaded assembly
- Completed reload, in  2.651 seconds
Domain Reload Profiling:
	ReloadAssembly (2652ms)
		BeginReloadAssembly (160ms)
			ExecutionOrderSort (0ms)
			DisableScriptedObjects (8ms)
			BackupInstance (0ms)
			ReleaseScriptingObjects (0ms)
			CreateAndSetChildDomain (47ms)
		EndReloadAssembly (2341ms)
			LoadAssemblies (144ms)
			RebuildTransferFunctionScriptingTraits (0ms)
			SetupTypeCache (552ms)
			ReleaseScriptCaches (1ms)
			RebuildScriptCaches (103ms)
			SetupLoadedEditorAssemblies (1335ms)
				LogAssemblyErrors (0ms)
				InitializePlatformSupportModulesInManaged (8ms)
				SetLoadedEditorAssemblies (1ms)
				RefreshPlugins (1ms)
				BeforeProcessingInitializeOnLoad (189ms)
				ProcessInitializeOnLoadAttributes (1108ms)
				ProcessInitializeOnLoadMethodAttributes (17ms)
				AfterProcessingInitializeOnLoad (11ms)
				EditorAssembliesLoaded (0ms)
			ExecutionOrderSort2 (0ms)
			AwakeInstancesAfterBackupRestoration (18ms)
Platform modules already initialized, skipping
Refreshing native plugins compatible for Editor in 1.49 ms, found 3 plugins.
Preloading 0 native plugins for Editor in 0.00 ms.
Unloading 2136 Unused Serialized files (Serialized files now loaded: 0)
System memory in use before: 104.2 MB.
System memory in use after: 103.6 MB.

Unloading 33 unused Assets to reduce memory usage. Loaded Objects now: 2653.
Total: 5.080200 ms (FindLiveObjects: 0.268200 ms CreateObjectMapping: 0.116800 ms MarkObjects: 4.093100 ms  DeleteObjects: 0.599800 ms)

AssetImportParameters requested are different than current active one (requested -> active):
  custom:framework-win-MediaFoundation: 216162199b28c13a410421893ffa2e32 -> 
  custom:video-decoder-ogg-theora: a1e56fd34408186e4bbccfd4996cb3dc -> 
  custom:container-muxer-webm: aa71ff27fc2769a1b78a27578f13a17b -> 
  custom:container-demuxer-webm: 4f35f7cbe854078d1ac9338744f61a02 -> 
  custom:container-demuxer-ogg: 62fdf1f143b41e24485cea50d1cbac27 -> 
  custom:video-encoder-webm-vp8: eb34c28f22e8b96e1ab97ce403110664 -> 
  custom:video-codec-MediaFoundation-h265: 746d11721c4dcdbdad8f713fa42b33f4 -> 
  custom:video-decoder-webm-vp8: 9c59270c3fd7afecdb556c50c9e8de78 -> 
  custom:audio-decoder-ogg-vorbis: bf7c407c2cedff20999df2af8eb42d56 -> 
  custom:audio-encoder-webm-vorbis: bf7c407c2cedff20999df2af8eb42d56 -> 
========================================================================
Received Prepare
Registering precompiled user dll's ...
Registered in 0.004959 seconds.
Begin MonoManager ReloadAssembly
Native extension for WindowsStandalone target not found
Refreshing native plugins compatible for Editor in 0.88 ms, found 3 plugins.
Preloading 0 native plugins for Editor in 0.00 ms.
Mono: successfully reloaded assembly
- Completed reload, in  1.511 seconds
Domain Reload Profiling:
	ReloadAssembly (1512ms)
		BeginReloadAssembly (130ms)
			ExecutionOrderSort (0ms)
			DisableScriptedObjects (7ms)
			BackupInstance (0ms)
			ReleaseScriptingObjects (0ms)
			CreateAndSetChildDomain (40ms)
		EndReloadAssembly (1309ms)
			LoadAssemblies (102ms)
			RebuildTransferFunctionScriptingTraits (0ms)
			SetupTypeCache (325ms)
			ReleaseScriptCaches (1ms)
			RebuildScriptCaches (49ms)
			SetupLoadedEditorAssemblies (619ms)
				LogAssemblyErrors (0ms)
				InitializePlatformSupportModulesInManaged (6ms)
				SetLoadedEditorAssemblies (1ms)
				RefreshPlugins (1ms)
				BeforeProcessingInitializeOnLoad (109ms)
				ProcessInitializeOnLoadAttributes (488ms)
				ProcessInitializeOnLoadMethodAttributes (7ms)
				AfterProcessingInitializeOnLoad (7ms)
				EditorAssembliesLoaded (0ms)
			ExecutionOrderSort2 (0ms)
			AwakeInstancesAfterBackupRestoration (10ms)
Platform modules already initialized, skipping
Refreshing native plugins compatible for Editor in 0.72 ms, found 3 plugins.
Preloading 0 native plugins for Editor in 0.00 ms.
Unloading 2136 Unused Serialized files (Serialized files now loaded: 0)
System memory in use before: 104.2 MB.
System memory in use after: 103.6 MB.

Unloading 33 unused Assets to reduce memory usage. Loaded Objects now: 2655.
Total: 4.294100 ms (FindLiveObjects: 0.235100 ms CreateObjectMapping: 0.080600 ms MarkObjects: 3.573000 ms  DeleteObjects: 0.403800 ms)

AssetImportParameters requested are different than current active one (requested -> active):
  custom:framework-win-MediaFoundation: 216162199b28c13a410421893ffa2e32 -> 
  custom:video-decoder-ogg-theora: a1e56fd34408186e4bbccfd4996cb3dc -> 
  custom:container-muxer-webm: aa71ff27fc2769a1b78a27578f13a17b -> 
  custom:container-demuxer-webm: 4f35f7cbe854078d1ac9338744f61a02 -> 
  custom:container-demuxer-ogg: 62fdf1f143b41e24485cea50d1cbac27 -> 
  custom:video-encoder-webm-vp8: eb34c28f22e8b96e1ab97ce403110664 -> 
  custom:video-codec-MediaFoundation-h265: 746d11721c4dcdbdad8f713fa42b33f4 -> 
  custom:video-decoder-webm-vp8: 9c59270c3fd7afecdb556c50c9e8de78 -> 
  custom:audio-decoder-ogg-vorbis: bf7c407c2cedff20999df2af8eb42d56 -> 
  custom:audio-encoder-webm-vorbis: bf7c407c2cedff20999df2af8eb42d56 -> 
========================================================================
Received Prepare
Registering precompiled user dll's ...
Registered in 0.004872 seconds.
Begin MonoManager ReloadAssembly
Native extension for WindowsStandalone target not found
Refreshing native plugins compatible for Editor in 0.75 ms, found 3 plugins.
Preloading 0 native plugins for Editor in 0.00 ms.
Mono: successfully reloaded assembly
- Completed reload, in  1.240 seconds
Domain Reload Profiling:
	ReloadAssembly (1240ms)
		BeginReloadAssembly (147ms)
			ExecutionOrderSort (0ms)
			DisableScriptedObjects (7ms)
			BackupInstance (0ms)
			ReleaseScriptingObjects (0ms)
			CreateAndSetChildDomain (40ms)
		EndReloadAssembly (1017ms)
			LoadAssemblies (110ms)
			RebuildTransferFunctionScriptingTraits (0ms)
			SetupTypeCache (318ms)
			ReleaseScriptCaches (1ms)
			RebuildScriptCaches (47ms)
			SetupLoadedEditorAssemblies (441ms)
				LogAssemblyErrors (0ms)
				InitializePlatformSupportModulesInManaged (5ms)
				SetLoadedEditorAssemblies (0ms)
				RefreshPlugins (1ms)
				BeforeProcessingInitializeOnLoad (129ms)
				ProcessInitializeOnLoadAttributes (290ms)
				ProcessInitializeOnLoadMethodAttributes (7ms)
				AfterProcessingInitializeOnLoad (7ms)
				EditorAssembliesLoaded (0ms)
			ExecutionOrderSort2 (0ms)
			AwakeInstancesAfterBackupRestoration (10ms)
Platform modules already initialized, skipping
Refreshing native plugins compatible for Editor in 0.68 ms, found 3 plugins.
Preloading 0 native plugins for Editor in 0.00 ms.
Unloading 2136 Unused Serialized files (Serialized files now loaded: 0)
System memory in use before: 104.2 MB.
System memory in use after: 103.6 MB.

Unloading 33 unused Assets to reduce memory usage. Loaded Objects now: 2657.
Total: 4.185400 ms (FindLiveObjects: 0.207900 ms CreateObjectMapping: 0.089600 ms MarkObjects: 3.509600 ms  DeleteObjects: 0.377100 ms)

AssetImportParameters requested are different than current active one (requested -> active):
  custom:framework-win-MediaFoundation: 216162199b28c13a410421893ffa2e32 -> 
  custom:video-decoder-ogg-theora: a1e56fd34408186e4bbccfd4996cb3dc -> 
  custom:container-muxer-webm: aa71ff27fc2769a1b78a27578f13a17b -> 
  custom:container-demuxer-webm: 4f35f7cbe854078d1ac9338744f61a02 -> 
  custom:container-demuxer-ogg: 62fdf1f143b41e24485cea50d1cbac27 -> 
  custom:video-encoder-webm-vp8: eb34c28f22e8b96e1ab97ce403110664 -> 
  custom:video-codec-MediaFoundation-h265: 746d11721c4dcdbdad8f713fa42b33f4 -> 
  custom:video-decoder-webm-vp8: 9c59270c3fd7afecdb556c50c9e8de78 -> 
  custom:audio-decoder-ogg-vorbis: bf7c407c2cedff20999df2af8eb42d56 -> 
  custom:audio-encoder-webm-vorbis: bf7c407c2cedff20999df2af8eb42d56 -> 
========================================================================
Received Prepare
Registering precompiled user dll's ...
Registered in 0.004993 seconds.
Begin MonoManager ReloadAssembly
Native extension for WindowsStandalone target not found
Refreshing native plugins compatible for Editor in 0.69 ms, found 3 plugins.
Preloading 0 native plugins for Editor in 0.00 ms.
Mono: successfully reloaded assembly
- Completed reload, in  1.659 seconds
Domain Reload Profiling:
	ReloadAssembly (1659ms)
		BeginReloadAssembly (165ms)
			ExecutionOrderSort (0ms)
			DisableScriptedObjects (11ms)
			BackupInstance (0ms)
			ReleaseScriptingObjects (0ms)
			CreateAndSetChildDomain (45ms)
		EndReloadAssembly (1411ms)
			LoadAssemblies (128ms)
			RebuildTransferFunctionScriptingTraits (0ms)
			SetupTypeCache (332ms)
			ReleaseScriptCaches (2ms)
			RebuildScriptCaches (209ms)
			SetupLoadedEditorAssemblies (634ms)
				LogAssemblyErrors (0ms)
				InitializePlatformSupportModulesInManaged (7ms)
				SetLoadedEditorAssemblies (1ms)
				RefreshPlugins (1ms)
				BeforeProcessingInitializeOnLoad (127ms)
				ProcessInitializeOnLoadAttributes (482ms)
				ProcessInitializeOnLoadMethodAttributes (8ms)
				AfterProcessingInitializeOnLoad (8ms)
				EditorAssembliesLoaded (0ms)
			ExecutionOrderSort2 (0ms)
			AwakeInstancesAfterBackupRestoration (10ms)
Platform modules already initialized, skipping
Refreshing native plugins compatible for Editor in 0.74 ms, found 3 plugins.
Preloading 0 native plugins for Editor in 0.00 ms.
Unloading 2136 Unused Serialized files (Serialized files now loaded: 0)
System memory in use before: 104.2 MB.
System memory in use after: 103.6 MB.

Unloading 33 unused Assets to reduce memory usage. Loaded Objects now: 2659.
Total: 4.125200 ms (FindLiveObjects: 0.237100 ms CreateObjectMapping: 0.100900 ms MarkObjects: 3.256000 ms  DeleteObjects: 0.529700 ms)

AssetImportParameters requested are different than current active one (requested -> active):
  custom:framework-win-MediaFoundation: 216162199b28c13a410421893ffa2e32 -> 
  custom:video-decoder-ogg-theora: a1e56fd34408186e4bbccfd4996cb3dc -> 
  custom:container-muxer-webm: aa71ff27fc2769a1b78a27578f13a17b -> 
  custom:container-demuxer-webm: 4f35f7cbe854078d1ac9338744f61a02 -> 
  custom:container-demuxer-ogg: 62fdf1f143b41e24485cea50d1cbac27 -> 
  custom:video-encoder-webm-vp8: eb34c28f22e8b96e1ab97ce403110664 -> 
  custom:video-codec-MediaFoundation-h265: 746d11721c4dcdbdad8f713fa42b33f4 -> 
  custom:video-decoder-webm-vp8: 9c59270c3fd7afecdb556c50c9e8de78 -> 
  custom:audio-decoder-ogg-vorbis: bf7c407c2cedff20999df2af8eb42d56 -> 
  custom:audio-encoder-webm-vorbis: bf7c407c2cedff20999df2af8eb42d56 -> 
========================================================================
Received Prepare
Registering precompiled user dll's ...
Registered in 0.010345 seconds.
Begin MonoManager ReloadAssembly
Native extension for WindowsStandalone target not found
Refreshing native plugins compatible for Editor in 0.78 ms, found 3 plugins.
Preloading 0 native plugins for Editor in 0.00 ms.
Mono: successfully reloaded assembly
- Completed reload, in  1.843 seconds
Domain Reload Profiling:
	ReloadAssembly (1843ms)
		BeginReloadAssembly (228ms)
			ExecutionOrderSort (0ms)
			DisableScriptedObjects (21ms)
			BackupInstance (0ms)
			ReleaseScriptingObjects (0ms)
			CreateAndSetChildDomain (61ms)
		EndReloadAssembly (1504ms)
			LoadAssemblies (190ms)
			RebuildTransferFunctionScriptingTraits (0ms)
			SetupTypeCache (494ms)
			ReleaseScriptCaches (1ms)
			RebuildScriptCaches (63ms)
			SetupLoadedEditorAssemblies (639ms)
				LogAssemblyErrors (0ms)
				InitializePlatformSupportModulesInManaged (7ms)
				SetLoadedEditorAssemblies (1ms)
				RefreshPlugins (1ms)
				BeforeProcessingInitializeOnLoad (133ms)
				ProcessInitializeOnLoadAttributes (481ms)
				ProcessInitializeOnLoadMethodAttributes (8ms)
				AfterProcessingInitializeOnLoad (9ms)
				EditorAssembliesLoaded (0ms)
			ExecutionOrderSort2 (0ms)
			AwakeInstancesAfterBackupRestoration (11ms)
Platform modules already initialized, skipping
Refreshing native plugins compatible for Editor in 0.69 ms, found 3 plugins.
Preloading 0 native plugins for Editor in 0.00 ms.
Unloading 2136 Unused Serialized files (Serialized files now loaded: 0)
System memory in use before: 104.3 MB.
System memory in use after: 103.7 MB.

Unloading 33 unused Assets to reduce memory usage. Loaded Objects now: 2661.
Total: 4.706100 ms (FindLiveObjects: 0.239500 ms CreateObjectMapping: 0.093200 ms MarkObjects: 3.952000 ms  DeleteObjects: 0.420100 ms)

AssetImportParameters requested are different than current active one (requested -> active):
  custom:framework-win-MediaFoundation: 216162199b28c13a410421893ffa2e32 -> 
  custom:video-decoder-ogg-theora: a1e56fd34408186e4bbccfd4996cb3dc -> 
  custom:container-muxer-webm: aa71ff27fc2769a1b78a27578f13a17b -> 
  custom:container-demuxer-webm: 4f35f7cbe854078d1ac9338744f61a02 -> 
  custom:container-demuxer-ogg: 62fdf1f143b41e24485cea50d1cbac27 -> 
  custom:video-encoder-webm-vp8: eb34c28f22e8b96e1ab97ce403110664 -> 
  custom:video-codec-MediaFoundation-h265: 746d11721c4dcdbdad8f713fa42b33f4 -> 
  custom:video-decoder-webm-vp8: 9c59270c3fd7afecdb556c50c9e8de78 -> 
  custom:audio-decoder-ogg-vorbis: bf7c407c2cedff20999df2af8eb42d56 -> 
  custom:audio-encoder-webm-vorbis: bf7c407c2cedff20999df2af8eb42d56 -> 
========================================================================
Received Import Request.
  Time since last request: 329.575285 seconds.
  path: Assets/Scenes/Game.unity
  artifactKey: Guid(9fc0d4010bbf28b4594072e72b8655ab) Importer(815301076,1909f56bfc062723c751e8b465ee728b)
Start importing Assets/Scenes/Game.unity using Guid(9fc0d4010bbf28b4594072e72b8655ab) Importer(815301076,1909f56bfc062723c751e8b465ee728b)  -> (artifact id: 'e1b65b993dc909981a08536e8f49a318') in 0.053648 seconds 
  Import took 0.081793 seconds .

========================================================================
Received Prepare
Registering precompiled user dll's ...
Registered in 0.005528 seconds.
Begin MonoManager ReloadAssembly
Native extension for WindowsStandalone target not found
Refreshing native plugins compatible for Editor in 1.33 ms, found 3 plugins.
Preloading 0 native plugins for Editor in 0.00 ms.
Mono: successfully reloaded assembly
- Completed reload, in  2.849 seconds
Domain Reload Profiling:
	ReloadAssembly (2851ms)
		BeginReloadAssembly (372ms)
			ExecutionOrderSort (0ms)
			DisableScriptedObjects (34ms)
			BackupInstance (0ms)
			ReleaseScriptingObjects (0ms)
			CreateAndSetChildDomain (122ms)
		EndReloadAssembly (2259ms)
			LoadAssemblies (300ms)
			RebuildTransferFunctionScriptingTraits (0ms)
			SetupTypeCache (803ms)
			ReleaseScriptCaches (1ms)
			RebuildScriptCaches (70ms)
			SetupLoadedEditorAssemblies (946ms)
				LogAssemblyErrors (0ms)
				InitializePlatformSupportModulesInManaged (13ms)
				SetLoadedEditorAssemblies (1ms)
				RefreshPlugins (1ms)
				BeforeProcessingInitializeOnLoad (194ms)
				ProcessInitializeOnLoadAttributes (705ms)
				ProcessInitializeOnLoadMethodAttributes (15ms)
				AfterProcessingInitializeOnLoad (16ms)
				EditorAssembliesLoaded (0ms)
			ExecutionOrderSort2 (0ms)
			AwakeInstancesAfterBackupRestoration (24ms)
Platform modules already initialized, skipping
Refreshing native plugins compatible for Editor in 2.73 ms, found 3 plugins.
Preloading 0 native plugins for Editor in 0.00 ms.
Unloading 2136 Unused Serialized files (Serialized files now loaded: 0)
System memory in use before: 104.2 MB.
System memory in use after: 103.6 MB.

Unloading 33 unused Assets to reduce memory usage. Loaded Objects now: 2663.
Total: 11.194200 ms (FindLiveObjects: 0.828400 ms CreateObjectMapping: 0.302600 ms MarkObjects: 9.137000 ms  DeleteObjects: 0.920600 ms)

AssetImportParameters requested are different than current active one (requested -> active):
  custom:framework-win-MediaFoundation: 216162199b28c13a410421893ffa2e32 -> 
  custom:video-decoder-ogg-theora: a1e56fd34408186e4bbccfd4996cb3dc -> 
  custom:container-muxer-webm: aa71ff27fc2769a1b78a27578f13a17b -> 
  custom:container-demuxer-webm: 4f35f7cbe854078d1ac9338744f61a02 -> 
  custom:container-demuxer-ogg: 62fdf1f143b41e24485cea50d1cbac27 -> 
  custom:video-encoder-webm-vp8: eb34c28f22e8b96e1ab97ce403110664 -> 
  custom:video-codec-MediaFoundation-h265: 746d11721c4dcdbdad8f713fa42b33f4 -> 
  custom:video-decoder-webm-vp8: 9c59270c3fd7afecdb556c50c9e8de78 -> 
  custom:audio-decoder-ogg-vorbis: bf7c407c2cedff20999df2af8eb42d56 -> 
  custom:audio-encoder-webm-vorbis: bf7c407c2cedff20999df2af8eb42d56 -> 
========================================================================
Received Prepare
Registering precompiled user dll's ...
Registered in 0.005566 seconds.
Begin MonoManager ReloadAssembly
Native extension for WindowsStandalone target not found
Refreshing native plugins compatible for Editor in 1.53 ms, found 3 plugins.
Preloading 0 native plugins for Editor in 0.00 ms.
Mono: successfully reloaded assembly
- Completed reload, in  2.343 seconds
Domain Reload Profiling:
	ReloadAssembly (2344ms)
		BeginReloadAssembly (252ms)
			ExecutionOrderSort (0ms)
			DisableScriptedObjects (15ms)
			BackupInstance (0ms)
			ReleaseScriptingObjects (0ms)
			CreateAndSetChildDomain (73ms)
		EndReloadAssembly (1950ms)
			LoadAssemblies (226ms)
			RebuildTransferFunctionScriptingTraits (0ms)
			SetupTypeCache (680ms)
			ReleaseScriptCaches (2ms)
			RebuildScriptCaches (101ms)
			SetupLoadedEditorAssemblies (715ms)
				LogAssemblyErrors (0ms)
				InitializePlatformSupportModulesInManaged (18ms)
				SetLoadedEditorAssemblies (1ms)
				RefreshPlugins (2ms)
				BeforeProcessingInitializeOnLoad (184ms)
				ProcessInitializeOnLoadAttributes (492ms)
				ProcessInitializeOnLoadMethodAttributes (10ms)
				AfterProcessingInitializeOnLoad (8ms)
				EditorAssembliesLoaded (0ms)
			ExecutionOrderSort2 (0ms)
			AwakeInstancesAfterBackupRestoration (12ms)
Platform modules already initialized, skipping
Refreshing native plugins compatible for Editor in 0.83 ms, found 3 plugins.
Preloading 0 native plugins for Editor in 0.00 ms.
Unloading 2136 Unused Serialized files (Serialized files now loaded: 0)
System memory in use before: 104.3 MB.
System memory in use after: 103.7 MB.

Unloading 33 unused Assets to reduce memory usage. Loaded Objects now: 2665.
Total: 4.236100 ms (FindLiveObjects: 0.222600 ms CreateObjectMapping: 0.081100 ms MarkObjects: 3.534700 ms  DeleteObjects: 0.396600 ms)

AssetImportParameters requested are different than current active one (requested -> active):
  custom:framework-win-MediaFoundation: 216162199b28c13a410421893ffa2e32 -> 
  custom:video-decoder-ogg-theora: a1e56fd34408186e4bbccfd4996cb3dc -> 
  custom:container-muxer-webm: aa71ff27fc2769a1b78a27578f13a17b -> 
  custom:container-demuxer-webm: 4f35f7cbe854078d1ac9338744f61a02 -> 
  custom:container-demuxer-ogg: 62fdf1f143b41e24485cea50d1cbac27 -> 
  custom:video-encoder-webm-vp8: eb34c28f22e8b96e1ab97ce403110664 -> 
  custom:video-codec-MediaFoundation-h265: 746d11721c4dcdbdad8f713fa42b33f4 -> 
  custom:video-decoder-webm-vp8: 9c59270c3fd7afecdb556c50c9e8de78 -> 
  custom:audio-decoder-ogg-vorbis: bf7c407c2cedff20999df2af8eb42d56 -> 
  custom:audio-encoder-webm-vorbis: bf7c407c2cedff20999df2af8eb42d56 -> 
========================================================================
Received Prepare
Registering precompiled user dll's ...
Registered in 0.005007 seconds.
Begin MonoManager ReloadAssembly
Native extension for WindowsStandalone target not found
Refreshing native plugins compatible for Editor in 0.76 ms, found 3 plugins.
Preloading 0 native plugins for Editor in 0.00 ms.
Mono: successfully reloaded assembly
- Completed reload, in  1.334 seconds
Domain Reload Profiling:
	ReloadAssembly (1335ms)
		BeginReloadAssembly (143ms)
			ExecutionOrderSort (0ms)
			DisableScriptedObjects (8ms)
			BackupInstance (0ms)
			ReleaseScriptingObjects (0ms)
			CreateAndSetChildDomain (36ms)
		EndReloadAssembly (1118ms)
			LoadAssemblies (139ms)
			RebuildTransferFunctionScriptingTraits (0ms)
			SetupTypeCache (301ms)
			ReleaseScriptCaches (1ms)
			RebuildScriptCaches (46ms)
			SetupLoadedEditorAssemblies (520ms)
				LogAssemblyErrors (0ms)
				InitializePlatformSupportModulesInManaged (6ms)
				SetLoadedEditorAssemblies (1ms)
				RefreshPlugins (1ms)
				BeforeProcessingInitializeOnLoad (143ms)
				ProcessInitializeOnLoadAttributes (355ms)
				ProcessInitializeOnLoadMethodAttributes (7ms)
				AfterProcessingInitializeOnLoad (8ms)
				EditorAssembliesLoaded (0ms)
			ExecutionOrderSort2 (0ms)
			AwakeInstancesAfterBackupRestoration (10ms)
Platform modules already initialized, skipping
Refreshing native plugins compatible for Editor in 0.68 ms, found 3 plugins.
Preloading 0 native plugins for Editor in 0.00 ms.
Unloading 2136 Unused Serialized files (Serialized files now loaded: 0)
System memory in use before: 104.3 MB.
System memory in use after: 103.7 MB.

Unloading 33 unused Assets to reduce memory usage. Loaded Objects now: 2667.
Total: 5.365500 ms (FindLiveObjects: 0.224800 ms CreateObjectMapping: 0.094100 ms MarkObjects: 4.313200 ms  DeleteObjects: 0.731900 ms)

AssetImportParameters requested are different than current active one (requested -> active):
  custom:framework-win-MediaFoundation: 216162199b28c13a410421893ffa2e32 -> 
  custom:video-decoder-ogg-theora: a1e56fd34408186e4bbccfd4996cb3dc -> 
  custom:container-muxer-webm: aa71ff27fc2769a1b78a27578f13a17b -> 
  custom:container-demuxer-webm: 4f35f7cbe854078d1ac9338744f61a02 -> 
  custom:container-demuxer-ogg: 62fdf1f143b41e24485cea50d1cbac27 -> 
  custom:video-encoder-webm-vp8: eb34c28f22e8b96e1ab97ce403110664 -> 
  custom:video-codec-MediaFoundation-h265: 746d11721c4dcdbdad8f713fa42b33f4 -> 
  custom:video-decoder-webm-vp8: 9c59270c3fd7afecdb556c50c9e8de78 -> 
  custom:audio-decoder-ogg-vorbis: bf7c407c2cedff20999df2af8eb42d56 -> 
  custom:audio-encoder-webm-vorbis: bf7c407c2cedff20999df2af8eb42d56 -> 
AssetImportWorkerClient::OnTransportError - code=2 error=End of file
